# python3 -m espnet2.bin.tts_train --use_preprocessor true --token_type phn --token_list dump/token_list/phn_tacotron_g2p_en/tokens.txt --non_linguistic_symbols none --cleaner tacotron --g2p g2p_en --normalize global_mvn --resume true --fold_length 150 --fold_length 204800 --output_dir exp/tts_train_transformer_raw_phn_tacotron_g2p_en --config conf/train_transformer.yaml --feats_extract fbank --feats_extract_conf n_fft=1024 --feats_extract_conf hop_length=256 --feats_extract_conf win_length=null --feats_extract_conf fs=16000 --feats_extract_conf fmin=80 --feats_extract_conf fmax=7600 --feats_extract_conf n_mels=80 --train_data_path_and_name_and_type dump/raw/train_nodev/text,text,text --train_data_path_and_name_and_type dump/raw/train_nodev/wav.scp,speech,sound --train_shape_file exp/tts_stats_raw_phn_tacotron_g2p_en/train/text_shape.phn --train_shape_file exp/tts_stats_raw_phn_tacotron_g2p_en/train/speech_shape --valid_data_path_and_name_and_type dump/raw/train_dev/text,text,text --valid_data_path_and_name_and_type dump/raw/train_dev/wav.scp,speech,sound --valid_shape_file exp/tts_stats_raw_phn_tacotron_g2p_en/valid/text_shape.phn --valid_shape_file exp/tts_stats_raw_phn_tacotron_g2p_en/valid/speech_shape --normalize_conf stats_file=exp/tts_stats_raw_phn_tacotron_g2p_en/train/feats_stats.npz --ngpu 1 --multiprocessing_distributed True 
# Started at Tue Mar 28 22:47:58 CDT 2023
#
Downloading...
From (uriginal): https://drive.google.com/uc?id=1i7-FPf9LPsYLHM6yNPoJdw5Q9d28C-ip
From (redirected): https://drive.google.com/uc?id=1i7-FPf9LPsYLHM6yNPoJdw5Q9d28C-ip&confirm=t&uuid=3293ba8a-f9ab-4c44-a92c-371d1b869046
To: /home/karimimonsefi.1/.cache/parallel_wavegan/ljspeech_melgan.v1.tar.gz
  0%|          | 0.00/48.2M [00:00<?, ?B/s] 10%|▉         | 4.72M/48.2M [00:00<00:01, 24.1MB/s] 19%|█▊        | 8.91M/48.2M [00:00<00:01, 31.4MB/s] 35%|███▍      | 16.8M/48.2M [00:00<00:00, 47.6MB/s] 53%|█████▎    | 25.7M/48.2M [00:00<00:00, 61.1MB/s] 71%|███████   | 34.1M/48.2M [00:00<00:00, 55.9MB/s] 91%|█████████▏| 44.0M/48.2M [00:00<00:00, 67.2MB/s]100%|██████████| 48.2M/48.2M [00:00<00:00, 58.3MB/s]
/home/karimimonsefi.1/miniconda3/envs/espnet_env/bin/python3 /home/karimimonsefi.1/espnet/espnet2/bin/tts_train.py --use_preprocessor true --token_type phn --token_list dump/token_list/phn_tacotron_g2p_en/tokens.txt --non_linguistic_symbols none --cleaner tacotron --g2p g2p_en --normalize global_mvn --resume true --fold_length 150 --fold_length 204800 --output_dir exp/tts_train_transformer_raw_phn_tacotron_g2p_en --config conf/train_transformer.yaml --feats_extract fbank --feats_extract_conf n_fft=1024 --feats_extract_conf hop_length=256 --feats_extract_conf win_length=null --feats_extract_conf fs=16000 --feats_extract_conf fmin=80 --feats_extract_conf fmax=7600 --feats_extract_conf n_mels=80 --train_data_path_and_name_and_type dump/raw/train_nodev/text,text,text --train_data_path_and_name_and_type dump/raw/train_nodev/wav.scp,speech,sound --train_shape_file exp/tts_stats_raw_phn_tacotron_g2p_en/train/text_shape.phn --train_shape_file exp/tts_stats_raw_phn_tacotron_g2p_en/train/speech_shape --valid_data_path_and_name_and_type dump/raw/train_dev/text,text,text --valid_data_path_and_name_and_type dump/raw/train_dev/wav.scp,speech,sound --valid_shape_file exp/tts_stats_raw_phn_tacotron_g2p_en/valid/text_shape.phn --valid_shape_file exp/tts_stats_raw_phn_tacotron_g2p_en/valid/speech_shape --normalize_conf stats_file=exp/tts_stats_raw_phn_tacotron_g2p_en/train/feats_stats.npz --ngpu 1 --multiprocessing_distributed True
Traceback (most recent call last):
  File "/home/karimimonsefi.1/miniconda3/envs/espnet_env/lib/python3.9/runpy.py", line 197, in _run_module_as_main
    return _run_code(code, main_globals, None,
  File "/home/karimimonsefi.1/miniconda3/envs/espnet_env/lib/python3.9/runpy.py", line 87, in _run_code
    exec(code, run_globals)
  File "/home/karimimonsefi.1/espnet/espnet2/bin/tts_train.py", line 22, in <module>
    main()
  File "/home/karimimonsefi.1/espnet/espnet2/bin/tts_train.py", line 18, in main
    TTSTask.main(cmd=cmd)
  File "/home/karimimonsefi.1/espnet/espnet2/tasks/abs_task.py", line 1054, in main
    cls.main_worker(args)
  File "/home/karimimonsefi.1/espnet/espnet2/tasks/abs_task.py", line 1164, in main_worker
    model = cls.build_model(args=args)
  File "/home/karimimonsefi.1/espnet/espnet2/tasks/tts.py", line 281, in build_model
    with open(args.token_list, encoding="utf-8") as f:
FileNotFoundError: [Errno 2] No such file or directory: 'dump/token_list/phn_tacotron_g2p_en/tokens.txt'
# Accounting: time=7 threads=1
# Ended (code 1) at Tue Mar 28 22:48:05 CDT 2023, elapsed time 7 seconds
