Lmod has detected the following error: The following module(s) are unknown:
"gcc-compatibility/10.3.0"

Please check the spelling or version number. Also try "module spider ..."
It is also possible your cache file is out-of-date; it may help to try:
  $ module --ignore-cache load "gcc-compatibility/10.3.0"

Also make sure that all modulefiles written in TCL start with the string
#%Module



Lmod has detected the following error: The following module(s) are unknown:
"cmake/3.17.2"

Please check the spelling or version number. Also try "module spider ..."
It is also possible your cache file is out-of-date; it may help to try:
  $ module --ignore-cache load "cmake/3.17.2"

Also make sure that all modulefiles written in TCL start with the string
#%Module



Lmod has detected the following error: The following module(s) are unknown:
"cuda/10.2.89"

Please check the spelling or version number. Also try "module spider ..."
It is also possible your cache file is out-of-date; it may help to try:
  $ module --ignore-cache load "cuda/10.2.89"

Also make sure that all modulefiles written in TCL start with the string
#%Module



Lmod has detected the following error: The following module(s) are unknown:
"nccl/2.11.4"

Please check the spelling or version number. Also try "module spider ..."
It is also possible your cache file is out-of-date; it may help to try:
  $ module --ignore-cache load "nccl/2.11.4"

Also make sure that all modulefiles written in TCL start with the string
#%Module



Lmod has detected the following error: The following module(s) are unknown:
"python"

Please check the spelling or version number. Also try "module spider ..."
It is also possible your cache file is out-of-date; it may help to try:
  $ module --ignore-cache load "python"

Also make sure that all modulefiles written in TCL start with the string
#%Module




----------------------------------------------------------------------------
  cuda:
----------------------------------------------------------------------------
     Versions:
        cuda/10.2
        cuda/11.0
        cuda/11.2
        cuda/11.3
        cuda/11.4
        cuda/11.5
        cuda/11.6
        cuda/12.0

----------------------------------------------------------------------------
  For detailed information about a specific "cuda" package (including how to load the modules) use the module's full name.
  Note that names that have a trailing (E) are extensions provided by other modules.
  For example:

     $ module spider cuda/12.0
----------------------------------------------------------------------------

 


CommandNotFoundError: Your shell has not been properly configured to use 'conda activate'.
To initialize your shell, run

    $ conda init <SHELL_NAME>

Currently supported shells are:
  - bash
  - fish
  - tcsh
  - xonsh
  - zsh
  - powershell

See 'conda init --help' for more information and options.

IMPORTANT: You may need to close and restart your shell after running 'conda init'.


+ source path.sh
++ MAIN_ROOT=/home/karimimonsefi.1/espnet/egs2/an4/tts1/../../..
++ KALDI_ROOT=/home/karimimonsefi.1/espnet/egs2/an4/tts1/../../../tools/kaldi
++ export PATH=/home/karimimonsefi.1/espnet/egs2/an4/tts1/utils/:/home/karimimonsefi.1/espnet/egs2/an4/tts1/../../../tools/kaldi/tools/openfst/bin:/home/karimimonsefi.1/miniconda3/envs/espnet_env/bin:/home/karimimonsefi.1/miniconda3/condabin:/home/karimimonsefi.1/.local/bin:/home/karimimonsefi.1/bin:/usr/local/bin:/usr/bin:/usr/local/sbin:/usr/sbin
++ PATH=/home/karimimonsefi.1/espnet/egs2/an4/tts1/utils/:/home/karimimonsefi.1/espnet/egs2/an4/tts1/../../../tools/kaldi/tools/openfst/bin:/home/karimimonsefi.1/miniconda3/envs/espnet_env/bin:/home/karimimonsefi.1/miniconda3/condabin:/home/karimimonsefi.1/.local/bin:/home/karimimonsefi.1/bin:/usr/local/bin:/usr/bin:/usr/local/sbin:/usr/sbin
++ '[' '!' -f /home/karimimonsefi.1/espnet/egs2/an4/tts1/../../../tools/kaldi/tools/config/common_path.sh ']'
++ . /home/karimimonsefi.1/espnet/egs2/an4/tts1/../../../tools/kaldi/tools/config/common_path.sh
+++ '[' -z /home/karimimonsefi.1/espnet/egs2/an4/tts1/../../../tools/kaldi ']'
+++ export PATH=/home/karimimonsefi.1/espnet/egs2/an4/tts1/../../../tools/kaldi/src/bin:/home/karimimonsefi.1/espnet/egs2/an4/tts1/../../../tools/kaldi/src/chainbin:/home/karimimonsefi.1/espnet/egs2/an4/tts1/../../../tools/kaldi/src/featbin:/home/karimimonsefi.1/espnet/egs2/an4/tts1/../../../tools/kaldi/src/fgmmbin:/home/karimimonsefi.1/espnet/egs2/an4/tts1/../../../tools/kaldi/src/fstbin:/home/karimimonsefi.1/espnet/egs2/an4/tts1/../../../tools/kaldi/src/gmmbin:/home/karimimonsefi.1/espnet/egs2/an4/tts1/../../../tools/kaldi/src/ivectorbin:/home/karimimonsefi.1/espnet/egs2/an4/tts1/../../../tools/kaldi/src/kwsbin:/home/karimimonsefi.1/espnet/egs2/an4/tts1/../../../tools/kaldi/src/latbin:/home/karimimonsefi.1/espnet/egs2/an4/tts1/../../../tools/kaldi/src/lmbin:/home/karimimonsefi.1/espnet/egs2/an4/tts1/../../../tools/kaldi/src/nnet2bin:/home/karimimonsefi.1/espnet/egs2/an4/tts1/../../../tools/kaldi/src/nnet3bin:/home/karimimonsefi.1/espnet/egs2/an4/tts1/../../../tools/kaldi/src/nnetbin:/home/karimimonsefi.1/espnet/egs2/an4/tts1/../../../tools/kaldi/src/online2bin:/home/karimimonsefi.1/espnet/egs2/an4/tts1/../../../tools/kaldi/src/onlinebin:/home/karimimonsefi.1/espnet/egs2/an4/tts1/../../../tools/kaldi/src/rnnlmbin:/home/karimimonsefi.1/espnet/egs2/an4/tts1/../../../tools/kaldi/src/sgmm2bin:/home/karimimonsefi.1/espnet/egs2/an4/tts1/../../../tools/kaldi/src/sgmmbin:/home/karimimonsefi.1/espnet/egs2/an4/tts1/../../../tools/kaldi/src/tfrnnlmbin:/home/karimimonsefi.1/espnet/egs2/an4/tts1/../../../tools/kaldi/src/cudadecoderbin:/home/karimimonsefi.1/espnet/egs2/an4/tts1/../../../tools/kaldi/src/cudafeatbin:/home/karimimonsefi.1/espnet/egs2/an4/tts1/utils/:/home/karimimonsefi.1/espnet/egs2/an4/tts1/../../../tools/kaldi/tools/openfst/bin:/home/karimimonsefi.1/miniconda3/envs/espnet_env/bin:/home/karimimonsefi.1/miniconda3/condabin:/home/karimimonsefi.1/.local/bin:/home/karimimonsefi.1/bin:/usr/local/bin:/usr/bin:/usr/local/sbin:/usr/sbin
+++ PATH=/home/karimimonsefi.1/espnet/egs2/an4/tts1/../../../tools/kaldi/src/bin:/home/karimimonsefi.1/espnet/egs2/an4/tts1/../../../tools/kaldi/src/chainbin:/home/karimimonsefi.1/espnet/egs2/an4/tts1/../../../tools/kaldi/src/featbin:/home/karimimonsefi.1/espnet/egs2/an4/tts1/../../../tools/kaldi/src/fgmmbin:/home/karimimonsefi.1/espnet/egs2/an4/tts1/../../../tools/kaldi/src/fstbin:/home/karimimonsefi.1/espnet/egs2/an4/tts1/../../../tools/kaldi/src/gmmbin:/home/karimimonsefi.1/espnet/egs2/an4/tts1/../../../tools/kaldi/src/ivectorbin:/home/karimimonsefi.1/espnet/egs2/an4/tts1/../../../tools/kaldi/src/kwsbin:/home/karimimonsefi.1/espnet/egs2/an4/tts1/../../../tools/kaldi/src/latbin:/home/karimimonsefi.1/espnet/egs2/an4/tts1/../../../tools/kaldi/src/lmbin:/home/karimimonsefi.1/espnet/egs2/an4/tts1/../../../tools/kaldi/src/nnet2bin:/home/karimimonsefi.1/espnet/egs2/an4/tts1/../../../tools/kaldi/src/nnet3bin:/home/karimimonsefi.1/espnet/egs2/an4/tts1/../../../tools/kaldi/src/nnetbin:/home/karimimonsefi.1/espnet/egs2/an4/tts1/../../../tools/kaldi/src/online2bin:/home/karimimonsefi.1/espnet/egs2/an4/tts1/../../../tools/kaldi/src/onlinebin:/home/karimimonsefi.1/espnet/egs2/an4/tts1/../../../tools/kaldi/src/rnnlmbin:/home/karimimonsefi.1/espnet/egs2/an4/tts1/../../../tools/kaldi/src/sgmm2bin:/home/karimimonsefi.1/espnet/egs2/an4/tts1/../../../tools/kaldi/src/sgmmbin:/home/karimimonsefi.1/espnet/egs2/an4/tts1/../../../tools/kaldi/src/tfrnnlmbin:/home/karimimonsefi.1/espnet/egs2/an4/tts1/../../../tools/kaldi/src/cudadecoderbin:/home/karimimonsefi.1/espnet/egs2/an4/tts1/../../../tools/kaldi/src/cudafeatbin:/home/karimimonsefi.1/espnet/egs2/an4/tts1/utils/:/home/karimimonsefi.1/espnet/egs2/an4/tts1/../../../tools/kaldi/tools/openfst/bin:/home/karimimonsefi.1/miniconda3/envs/espnet_env/bin:/home/karimimonsefi.1/miniconda3/condabin:/home/karimimonsefi.1/.local/bin:/home/karimimonsefi.1/bin:/usr/local/bin:/usr/bin:/usr/local/sbin:/usr/sbin
++ export LC_ALL=C
++ LC_ALL=C
++ . /home/karimimonsefi.1/espnet/egs2/an4/tts1/../../../tools/activate_python.sh
+++ '[' -z '' ']'
+++ PS1=__dummy__
+++ . /home/karimimonsefi.1/miniconda3/etc/profile.d/conda.sh
++++ export CONDA_EXE=/home/karimimonsefi.1/miniconda3/bin/conda
++++ CONDA_EXE=/home/karimimonsefi.1/miniconda3/bin/conda
++++ export _CE_M=
++++ _CE_M=
++++ export _CE_CONDA=
++++ _CE_CONDA=
++++ export CONDA_PYTHON_EXE=/home/karimimonsefi.1/miniconda3/bin/python
++++ CONDA_PYTHON_EXE=/home/karimimonsefi.1/miniconda3/bin/python
++++ '[' -z x ']'
+++ conda deactivate
+++ local cmd=deactivate
+++ case "$cmd" in
+++ __conda_activate deactivate
+++ '[' -n '' ']'
+++ local ask_conda
++++ PS1=__dummy__
++++ __conda_exe shell.posix deactivate
++++ /home/karimimonsefi.1/miniconda3/bin/conda shell.posix deactivate
+++ ask_conda='export PATH='\''/home/karimimonsefi.1/espnet/tools/kaldi/src/bin:/home/karimimonsefi.1/espnet/tools/kaldi/src/chainbin:/home/karimimonsefi.1/espnet/tools/kaldi/src/featbin:/home/karimimonsefi.1/espnet/tools/kaldi/src/fgmmbin:/home/karimimonsefi.1/espnet/tools/kaldi/src/fstbin:/home/karimimonsefi.1/espnet/tools/kaldi/src/gmmbin:/home/karimimonsefi.1/espnet/tools/kaldi/src/ivectorbin:/home/karimimonsefi.1/espnet/tools/kaldi/src/kwsbin:/home/karimimonsefi.1/espnet/tools/kaldi/src/latbin:/home/karimimonsefi.1/espnet/tools/kaldi/src/lmbin:/home/karimimonsefi.1/espnet/tools/kaldi/src/nnet2bin:/home/karimimonsefi.1/espnet/tools/kaldi/src/nnet3bin:/home/karimimonsefi.1/espnet/tools/kaldi/src/nnetbin:/home/karimimonsefi.1/espnet/tools/kaldi/src/online2bin:/home/karimimonsefi.1/espnet/tools/kaldi/src/onlinebin:/home/karimimonsefi.1/espnet/tools/kaldi/src/rnnlmbin:/home/karimimonsefi.1/espnet/tools/kaldi/src/sgmm2bin:/home/karimimonsefi.1/espnet/tools/kaldi/src/sgmmbin:/home/karimimonsefi.1/espnet/tools/kaldi/src/tfrnnlmbin:/home/karimimonsefi.1/espnet/tools/kaldi/src/cudadecoderbin:/home/karimimonsefi.1/espnet/tools/kaldi/src/cudafeatbin:/home/karimimonsefi.1/espnet/egs2/an4/tts1/utils:/home/karimimonsefi.1/espnet/tools/kaldi/tools/openfst/bin:/home/karimimonsefi.1/miniconda3/condabin:/home/karimimonsefi.1/.local/bin:/home/karimimonsefi.1/bin:/usr/local/bin:/usr/bin:/usr/local/sbin:/usr/sbin'\''
unset CONDA_PREFIX
unset CONDA_DEFAULT_ENV
unset CONDA_PROMPT_MODIFIER
PS1='\''__dummy__'\''
export CONDA_SHLVL='\''0'\''
export CONDA_EXE='\''/home/karimimonsefi.1/miniconda3/bin/conda'\''
export _CE_M='\'''\''
export _CE_CONDA='\'''\''
export CONDA_PYTHON_EXE='\''/home/karimimonsefi.1/miniconda3/bin/python'\'''
+++ eval 'export PATH='\''/home/karimimonsefi.1/espnet/tools/kaldi/src/bin:/home/karimimonsefi.1/espnet/tools/kaldi/src/chainbin:/home/karimimonsefi.1/espnet/tools/kaldi/src/featbin:/home/karimimonsefi.1/espnet/tools/kaldi/src/fgmmbin:/home/karimimonsefi.1/espnet/tools/kaldi/src/fstbin:/home/karimimonsefi.1/espnet/tools/kaldi/src/gmmbin:/home/karimimonsefi.1/espnet/tools/kaldi/src/ivectorbin:/home/karimimonsefi.1/espnet/tools/kaldi/src/kwsbin:/home/karimimonsefi.1/espnet/tools/kaldi/src/latbin:/home/karimimonsefi.1/espnet/tools/kaldi/src/lmbin:/home/karimimonsefi.1/espnet/tools/kaldi/src/nnet2bin:/home/karimimonsefi.1/espnet/tools/kaldi/src/nnet3bin:/home/karimimonsefi.1/espnet/tools/kaldi/src/nnetbin:/home/karimimonsefi.1/espnet/tools/kaldi/src/online2bin:/home/karimimonsefi.1/espnet/tools/kaldi/src/onlinebin:/home/karimimonsefi.1/espnet/tools/kaldi/src/rnnlmbin:/home/karimimonsefi.1/espnet/tools/kaldi/src/sgmm2bin:/home/karimimonsefi.1/espnet/tools/kaldi/src/sgmmbin:/home/karimimonsefi.1/espnet/tools/kaldi/src/tfrnnlmbin:/home/karimimonsefi.1/espnet/tools/kaldi/src/cudadecoderbin:/home/karimimonsefi.1/espnet/tools/kaldi/src/cudafeatbin:/home/karimimonsefi.1/espnet/egs2/an4/tts1/utils:/home/karimimonsefi.1/espnet/tools/kaldi/tools/openfst/bin:/home/karimimonsefi.1/miniconda3/condabin:/home/karimimonsefi.1/.local/bin:/home/karimimonsefi.1/bin:/usr/local/bin:/usr/bin:/usr/local/sbin:/usr/sbin'\''
unset CONDA_PREFIX
unset CONDA_DEFAULT_ENV
unset CONDA_PROMPT_MODIFIER
PS1='\''__dummy__'\''
export CONDA_SHLVL='\''0'\''
export CONDA_EXE='\''/home/karimimonsefi.1/miniconda3/bin/conda'\''
export _CE_M='\'''\''
export _CE_CONDA='\'''\''
export CONDA_PYTHON_EXE='\''/home/karimimonsefi.1/miniconda3/bin/python'\'''
++++ export PATH=/home/karimimonsefi.1/espnet/tools/kaldi/src/bin:/home/karimimonsefi.1/espnet/tools/kaldi/src/chainbin:/home/karimimonsefi.1/espnet/tools/kaldi/src/featbin:/home/karimimonsefi.1/espnet/tools/kaldi/src/fgmmbin:/home/karimimonsefi.1/espnet/tools/kaldi/src/fstbin:/home/karimimonsefi.1/espnet/tools/kaldi/src/gmmbin:/home/karimimonsefi.1/espnet/tools/kaldi/src/ivectorbin:/home/karimimonsefi.1/espnet/tools/kaldi/src/kwsbin:/home/karimimonsefi.1/espnet/tools/kaldi/src/latbin:/home/karimimonsefi.1/espnet/tools/kaldi/src/lmbin:/home/karimimonsefi.1/espnet/tools/kaldi/src/nnet2bin:/home/karimimonsefi.1/espnet/tools/kaldi/src/nnet3bin:/home/karimimonsefi.1/espnet/tools/kaldi/src/nnetbin:/home/karimimonsefi.1/espnet/tools/kaldi/src/online2bin:/home/karimimonsefi.1/espnet/tools/kaldi/src/onlinebin:/home/karimimonsefi.1/espnet/tools/kaldi/src/rnnlmbin:/home/karimimonsefi.1/espnet/tools/kaldi/src/sgmm2bin:/home/karimimonsefi.1/espnet/tools/kaldi/src/sgmmbin:/home/karimimonsefi.1/espnet/tools/kaldi/src/tfrnnlmbin:/home/karimimonsefi.1/espnet/tools/kaldi/src/cudadecoderbin:/home/karimimonsefi.1/espnet/tools/kaldi/src/cudafeatbin:/home/karimimonsefi.1/espnet/egs2/an4/tts1/utils:/home/karimimonsefi.1/espnet/tools/kaldi/tools/openfst/bin:/home/karimimonsefi.1/miniconda3/condabin:/home/karimimonsefi.1/.local/bin:/home/karimimonsefi.1/bin:/usr/local/bin:/usr/bin:/usr/local/sbin:/usr/sbin
++++ PATH=/home/karimimonsefi.1/espnet/tools/kaldi/src/bin:/home/karimimonsefi.1/espnet/tools/kaldi/src/chainbin:/home/karimimonsefi.1/espnet/tools/kaldi/src/featbin:/home/karimimonsefi.1/espnet/tools/kaldi/src/fgmmbin:/home/karimimonsefi.1/espnet/tools/kaldi/src/fstbin:/home/karimimonsefi.1/espnet/tools/kaldi/src/gmmbin:/home/karimimonsefi.1/espnet/tools/kaldi/src/ivectorbin:/home/karimimonsefi.1/espnet/tools/kaldi/src/kwsbin:/home/karimimonsefi.1/espnet/tools/kaldi/src/latbin:/home/karimimonsefi.1/espnet/tools/kaldi/src/lmbin:/home/karimimonsefi.1/espnet/tools/kaldi/src/nnet2bin:/home/karimimonsefi.1/espnet/tools/kaldi/src/nnet3bin:/home/karimimonsefi.1/espnet/tools/kaldi/src/nnetbin:/home/karimimonsefi.1/espnet/tools/kaldi/src/online2bin:/home/karimimonsefi.1/espnet/tools/kaldi/src/onlinebin:/home/karimimonsefi.1/espnet/tools/kaldi/src/rnnlmbin:/home/karimimonsefi.1/espnet/tools/kaldi/src/sgmm2bin:/home/karimimonsefi.1/espnet/tools/kaldi/src/sgmmbin:/home/karimimonsefi.1/espnet/tools/kaldi/src/tfrnnlmbin:/home/karimimonsefi.1/espnet/tools/kaldi/src/cudadecoderbin:/home/karimimonsefi.1/espnet/tools/kaldi/src/cudafeatbin:/home/karimimonsefi.1/espnet/egs2/an4/tts1/utils:/home/karimimonsefi.1/espnet/tools/kaldi/tools/openfst/bin:/home/karimimonsefi.1/miniconda3/condabin:/home/karimimonsefi.1/.local/bin:/home/karimimonsefi.1/bin:/usr/local/bin:/usr/bin:/usr/local/sbin:/usr/sbin
++++ unset CONDA_PREFIX
++++ unset CONDA_DEFAULT_ENV
++++ unset CONDA_PROMPT_MODIFIER
++++ PS1=__dummy__
++++ export CONDA_SHLVL=0
++++ CONDA_SHLVL=0
++++ export CONDA_EXE=/home/karimimonsefi.1/miniconda3/bin/conda
++++ CONDA_EXE=/home/karimimonsefi.1/miniconda3/bin/conda
++++ export _CE_M=
++++ _CE_M=
++++ export _CE_CONDA=
++++ _CE_CONDA=
++++ export CONDA_PYTHON_EXE=/home/karimimonsefi.1/miniconda3/bin/python
++++ CONDA_PYTHON_EXE=/home/karimimonsefi.1/miniconda3/bin/python
+++ __conda_hashr
+++ '[' -n '' ']'
+++ '[' -n '' ']'
+++ hash -r
+++ conda activate espnet_env
+++ local cmd=activate
+++ case "$cmd" in
+++ __conda_activate activate espnet_env
+++ '[' -n '' ']'
+++ local ask_conda
++++ PS1=__dummy__
++++ __conda_exe shell.posix activate espnet_env
++++ /home/karimimonsefi.1/miniconda3/bin/conda shell.posix activate espnet_env
+++ ask_conda='PS1='\''(espnet_env) __dummy__'\''
export PATH='\''/home/karimimonsefi.1/miniconda3/envs/espnet_env/bin:/home/karimimonsefi.1/espnet/tools/kaldi/src/bin:/home/karimimonsefi.1/espnet/tools/kaldi/src/chainbin:/home/karimimonsefi.1/espnet/tools/kaldi/src/featbin:/home/karimimonsefi.1/espnet/tools/kaldi/src/fgmmbin:/home/karimimonsefi.1/espnet/tools/kaldi/src/fstbin:/home/karimimonsefi.1/espnet/tools/kaldi/src/gmmbin:/home/karimimonsefi.1/espnet/tools/kaldi/src/ivectorbin:/home/karimimonsefi.1/espnet/tools/kaldi/src/kwsbin:/home/karimimonsefi.1/espnet/tools/kaldi/src/latbin:/home/karimimonsefi.1/espnet/tools/kaldi/src/lmbin:/home/karimimonsefi.1/espnet/tools/kaldi/src/nnet2bin:/home/karimimonsefi.1/espnet/tools/kaldi/src/nnet3bin:/home/karimimonsefi.1/espnet/tools/kaldi/src/nnetbin:/home/karimimonsefi.1/espnet/tools/kaldi/src/online2bin:/home/karimimonsefi.1/espnet/tools/kaldi/src/onlinebin:/home/karimimonsefi.1/espnet/tools/kaldi/src/rnnlmbin:/home/karimimonsefi.1/espnet/tools/kaldi/src/sgmm2bin:/home/karimimonsefi.1/espnet/tools/kaldi/src/sgmmbin:/home/karimimonsefi.1/espnet/tools/kaldi/src/tfrnnlmbin:/home/karimimonsefi.1/espnet/tools/kaldi/src/cudadecoderbin:/home/karimimonsefi.1/espnet/tools/kaldi/src/cudafeatbin:/home/karimimonsefi.1/espnet/egs2/an4/tts1/utils:/home/karimimonsefi.1/espnet/tools/kaldi/tools/openfst/bin:/home/karimimonsefi.1/miniconda3/condabin:/home/karimimonsefi.1/.local/bin:/home/karimimonsefi.1/bin:/usr/local/bin:/usr/bin:/usr/local/sbin:/usr/sbin'\''
export CONDA_PREFIX='\''/home/karimimonsefi.1/miniconda3/envs/espnet_env'\''
export CONDA_SHLVL='\''1'\''
export CONDA_DEFAULT_ENV='\''espnet_env'\''
export CONDA_PROMPT_MODIFIER='\''(espnet_env) '\''
export CONDA_EXE='\''/home/karimimonsefi.1/miniconda3/bin/conda'\''
export _CE_M='\'''\''
export _CE_CONDA='\'''\''
export CONDA_PYTHON_EXE='\''/home/karimimonsefi.1/miniconda3/bin/python'\'''
+++ eval 'PS1='\''(espnet_env) __dummy__'\''
export PATH='\''/home/karimimonsefi.1/miniconda3/envs/espnet_env/bin:/home/karimimonsefi.1/espnet/tools/kaldi/src/bin:/home/karimimonsefi.1/espnet/tools/kaldi/src/chainbin:/home/karimimonsefi.1/espnet/tools/kaldi/src/featbin:/home/karimimonsefi.1/espnet/tools/kaldi/src/fgmmbin:/home/karimimonsefi.1/espnet/tools/kaldi/src/fstbin:/home/karimimonsefi.1/espnet/tools/kaldi/src/gmmbin:/home/karimimonsefi.1/espnet/tools/kaldi/src/ivectorbin:/home/karimimonsefi.1/espnet/tools/kaldi/src/kwsbin:/home/karimimonsefi.1/espnet/tools/kaldi/src/latbin:/home/karimimonsefi.1/espnet/tools/kaldi/src/lmbin:/home/karimimonsefi.1/espnet/tools/kaldi/src/nnet2bin:/home/karimimonsefi.1/espnet/tools/kaldi/src/nnet3bin:/home/karimimonsefi.1/espnet/tools/kaldi/src/nnetbin:/home/karimimonsefi.1/espnet/tools/kaldi/src/online2bin:/home/karimimonsefi.1/espnet/tools/kaldi/src/onlinebin:/home/karimimonsefi.1/espnet/tools/kaldi/src/rnnlmbin:/home/karimimonsefi.1/espnet/tools/kaldi/src/sgmm2bin:/home/karimimonsefi.1/espnet/tools/kaldi/src/sgmmbin:/home/karimimonsefi.1/espnet/tools/kaldi/src/tfrnnlmbin:/home/karimimonsefi.1/espnet/tools/kaldi/src/cudadecoderbin:/home/karimimonsefi.1/espnet/tools/kaldi/src/cudafeatbin:/home/karimimonsefi.1/espnet/egs2/an4/tts1/utils:/home/karimimonsefi.1/espnet/tools/kaldi/tools/openfst/bin:/home/karimimonsefi.1/miniconda3/condabin:/home/karimimonsefi.1/.local/bin:/home/karimimonsefi.1/bin:/usr/local/bin:/usr/bin:/usr/local/sbin:/usr/sbin'\''
export CONDA_PREFIX='\''/home/karimimonsefi.1/miniconda3/envs/espnet_env'\''
export CONDA_SHLVL='\''1'\''
export CONDA_DEFAULT_ENV='\''espnet_env'\''
export CONDA_PROMPT_MODIFIER='\''(espnet_env) '\''
export CONDA_EXE='\''/home/karimimonsefi.1/miniconda3/bin/conda'\''
export _CE_M='\'''\''
export _CE_CONDA='\'''\''
export CONDA_PYTHON_EXE='\''/home/karimimonsefi.1/miniconda3/bin/python'\'''
++++ PS1='(espnet_env) __dummy__'
++++ export PATH=/home/karimimonsefi.1/miniconda3/envs/espnet_env/bin:/home/karimimonsefi.1/espnet/tools/kaldi/src/bin:/home/karimimonsefi.1/espnet/tools/kaldi/src/chainbin:/home/karimimonsefi.1/espnet/tools/kaldi/src/featbin:/home/karimimonsefi.1/espnet/tools/kaldi/src/fgmmbin:/home/karimimonsefi.1/espnet/tools/kaldi/src/fstbin:/home/karimimonsefi.1/espnet/tools/kaldi/src/gmmbin:/home/karimimonsefi.1/espnet/tools/kaldi/src/ivectorbin:/home/karimimonsefi.1/espnet/tools/kaldi/src/kwsbin:/home/karimimonsefi.1/espnet/tools/kaldi/src/latbin:/home/karimimonsefi.1/espnet/tools/kaldi/src/lmbin:/home/karimimonsefi.1/espnet/tools/kaldi/src/nnet2bin:/home/karimimonsefi.1/espnet/tools/kaldi/src/nnet3bin:/home/karimimonsefi.1/espnet/tools/kaldi/src/nnetbin:/home/karimimonsefi.1/espnet/tools/kaldi/src/online2bin:/home/karimimonsefi.1/espnet/tools/kaldi/src/onlinebin:/home/karimimonsefi.1/espnet/tools/kaldi/src/rnnlmbin:/home/karimimonsefi.1/espnet/tools/kaldi/src/sgmm2bin:/home/karimimonsefi.1/espnet/tools/kaldi/src/sgmmbin:/home/karimimonsefi.1/espnet/tools/kaldi/src/tfrnnlmbin:/home/karimimonsefi.1/espnet/tools/kaldi/src/cudadecoderbin:/home/karimimonsefi.1/espnet/tools/kaldi/src/cudafeatbin:/home/karimimonsefi.1/espnet/egs2/an4/tts1/utils:/home/karimimonsefi.1/espnet/tools/kaldi/tools/openfst/bin:/home/karimimonsefi.1/miniconda3/condabin:/home/karimimonsefi.1/.local/bin:/home/karimimonsefi.1/bin:/usr/local/bin:/usr/bin:/usr/local/sbin:/usr/sbin
++++ PATH=/home/karimimonsefi.1/miniconda3/envs/espnet_env/bin:/home/karimimonsefi.1/espnet/tools/kaldi/src/bin:/home/karimimonsefi.1/espnet/tools/kaldi/src/chainbin:/home/karimimonsefi.1/espnet/tools/kaldi/src/featbin:/home/karimimonsefi.1/espnet/tools/kaldi/src/fgmmbin:/home/karimimonsefi.1/espnet/tools/kaldi/src/fstbin:/home/karimimonsefi.1/espnet/tools/kaldi/src/gmmbin:/home/karimimonsefi.1/espnet/tools/kaldi/src/ivectorbin:/home/karimimonsefi.1/espnet/tools/kaldi/src/kwsbin:/home/karimimonsefi.1/espnet/tools/kaldi/src/latbin:/home/karimimonsefi.1/espnet/tools/kaldi/src/lmbin:/home/karimimonsefi.1/espnet/tools/kaldi/src/nnet2bin:/home/karimimonsefi.1/espnet/tools/kaldi/src/nnet3bin:/home/karimimonsefi.1/espnet/tools/kaldi/src/nnetbin:/home/karimimonsefi.1/espnet/tools/kaldi/src/online2bin:/home/karimimonsefi.1/espnet/tools/kaldi/src/onlinebin:/home/karimimonsefi.1/espnet/tools/kaldi/src/rnnlmbin:/home/karimimonsefi.1/espnet/tools/kaldi/src/sgmm2bin:/home/karimimonsefi.1/espnet/tools/kaldi/src/sgmmbin:/home/karimimonsefi.1/espnet/tools/kaldi/src/tfrnnlmbin:/home/karimimonsefi.1/espnet/tools/kaldi/src/cudadecoderbin:/home/karimimonsefi.1/espnet/tools/kaldi/src/cudafeatbin:/home/karimimonsefi.1/espnet/egs2/an4/tts1/utils:/home/karimimonsefi.1/espnet/tools/kaldi/tools/openfst/bin:/home/karimimonsefi.1/miniconda3/condabin:/home/karimimonsefi.1/.local/bin:/home/karimimonsefi.1/bin:/usr/local/bin:/usr/bin:/usr/local/sbin:/usr/sbin
++++ export CONDA_PREFIX=/home/karimimonsefi.1/miniconda3/envs/espnet_env
++++ CONDA_PREFIX=/home/karimimonsefi.1/miniconda3/envs/espnet_env
++++ export CONDA_SHLVL=1
++++ CONDA_SHLVL=1
++++ export CONDA_DEFAULT_ENV=espnet_env
++++ CONDA_DEFAULT_ENV=espnet_env
++++ export 'CONDA_PROMPT_MODIFIER=(espnet_env) '
++++ CONDA_PROMPT_MODIFIER='(espnet_env) '
++++ export CONDA_EXE=/home/karimimonsefi.1/miniconda3/bin/conda
++++ CONDA_EXE=/home/karimimonsefi.1/miniconda3/bin/conda
++++ export _CE_M=
++++ _CE_M=
++++ export _CE_CONDA=
++++ _CE_CONDA=
++++ export CONDA_PYTHON_EXE=/home/karimimonsefi.1/miniconda3/bin/python
++++ CONDA_PYTHON_EXE=/home/karimimonsefi.1/miniconda3/bin/python
+++ __conda_hashr
+++ '[' -n '' ']'
+++ '[' -n '' ']'
+++ hash -r
++ . /home/karimimonsefi.1/espnet/egs2/an4/tts1/../../../tools/extra_path.sh
+++ '[' -n '4.4.20(1)-release' ']'
+++++ dirname /home/karimimonsefi.1/espnet/egs2/an4/tts1/../../../tools/extra_path.sh
++++ cd /home/karimimonsefi.1/espnet/egs2/an4/tts1/../../../tools
++++ pwd
+++ TOOL_DIR=/home/karimimonsefi.1/espnet/tools
+++ export PATH=/home/karimimonsefi.1/espnet/tools/sph2pipe:/home/karimimonsefi.1/miniconda3/envs/espnet_env/bin:/home/karimimonsefi.1/espnet/tools/kaldi/src/bin:/home/karimimonsefi.1/espnet/tools/kaldi/src/chainbin:/home/karimimonsefi.1/espnet/tools/kaldi/src/featbin:/home/karimimonsefi.1/espnet/tools/kaldi/src/fgmmbin:/home/karimimonsefi.1/espnet/tools/kaldi/src/fstbin:/home/karimimonsefi.1/espnet/tools/kaldi/src/gmmbin:/home/karimimonsefi.1/espnet/tools/kaldi/src/ivectorbin:/home/karimimonsefi.1/espnet/tools/kaldi/src/kwsbin:/home/karimimonsefi.1/espnet/tools/kaldi/src/latbin:/home/karimimonsefi.1/espnet/tools/kaldi/src/lmbin:/home/karimimonsefi.1/espnet/tools/kaldi/src/nnet2bin:/home/karimimonsefi.1/espnet/tools/kaldi/src/nnet3bin:/home/karimimonsefi.1/espnet/tools/kaldi/src/nnetbin:/home/karimimonsefi.1/espnet/tools/kaldi/src/online2bin:/home/karimimonsefi.1/espnet/tools/kaldi/src/onlinebin:/home/karimimonsefi.1/espnet/tools/kaldi/src/rnnlmbin:/home/karimimonsefi.1/espnet/tools/kaldi/src/sgmm2bin:/home/karimimonsefi.1/espnet/tools/kaldi/src/sgmmbin:/home/karimimonsefi.1/espnet/tools/kaldi/src/tfrnnlmbin:/home/karimimonsefi.1/espnet/tools/kaldi/src/cudadecoderbin:/home/karimimonsefi.1/espnet/tools/kaldi/src/cudafeatbin:/home/karimimonsefi.1/espnet/egs2/an4/tts1/utils:/home/karimimonsefi.1/espnet/tools/kaldi/tools/openfst/bin:/home/karimimonsefi.1/miniconda3/condabin:/home/karimimonsefi.1/.local/bin:/home/karimimonsefi.1/bin:/usr/local/bin:/usr/bin:/usr/local/sbin:/usr/sbin
+++ PATH=/home/karimimonsefi.1/espnet/tools/sph2pipe:/home/karimimonsefi.1/miniconda3/envs/espnet_env/bin:/home/karimimonsefi.1/espnet/tools/kaldi/src/bin:/home/karimimonsefi.1/espnet/tools/kaldi/src/chainbin:/home/karimimonsefi.1/espnet/tools/kaldi/src/featbin:/home/karimimonsefi.1/espnet/tools/kaldi/src/fgmmbin:/home/karimimonsefi.1/espnet/tools/kaldi/src/fstbin:/home/karimimonsefi.1/espnet/tools/kaldi/src/gmmbin:/home/karimimonsefi.1/espnet/tools/kaldi/src/ivectorbin:/home/karimimonsefi.1/espnet/tools/kaldi/src/kwsbin:/home/karimimonsefi.1/espnet/tools/kaldi/src/latbin:/home/karimimonsefi.1/espnet/tools/kaldi/src/lmbin:/home/karimimonsefi.1/espnet/tools/kaldi/src/nnet2bin:/home/karimimonsefi.1/espnet/tools/kaldi/src/nnet3bin:/home/karimimonsefi.1/espnet/tools/kaldi/src/nnetbin:/home/karimimonsefi.1/espnet/tools/kaldi/src/online2bin:/home/karimimonsefi.1/espnet/tools/kaldi/src/onlinebin:/home/karimimonsefi.1/espnet/tools/kaldi/src/rnnlmbin:/home/karimimonsefi.1/espnet/tools/kaldi/src/sgmm2bin:/home/karimimonsefi.1/espnet/tools/kaldi/src/sgmmbin:/home/karimimonsefi.1/espnet/tools/kaldi/src/tfrnnlmbin:/home/karimimonsefi.1/espnet/tools/kaldi/src/cudadecoderbin:/home/karimimonsefi.1/espnet/tools/kaldi/src/cudafeatbin:/home/karimimonsefi.1/espnet/egs2/an4/tts1/utils:/home/karimimonsefi.1/espnet/tools/kaldi/tools/openfst/bin:/home/karimimonsefi.1/miniconda3/condabin:/home/karimimonsefi.1/.local/bin:/home/karimimonsefi.1/bin:/usr/local/bin:/usr/bin:/usr/local/sbin:/usr/sbin
+++ export PATH=/home/karimimonsefi.1/espnet/tools/sctk/bin:/home/karimimonsefi.1/espnet/tools/sph2pipe:/home/karimimonsefi.1/miniconda3/envs/espnet_env/bin:/home/karimimonsefi.1/espnet/tools/kaldi/src/bin:/home/karimimonsefi.1/espnet/tools/kaldi/src/chainbin:/home/karimimonsefi.1/espnet/tools/kaldi/src/featbin:/home/karimimonsefi.1/espnet/tools/kaldi/src/fgmmbin:/home/karimimonsefi.1/espnet/tools/kaldi/src/fstbin:/home/karimimonsefi.1/espnet/tools/kaldi/src/gmmbin:/home/karimimonsefi.1/espnet/tools/kaldi/src/ivectorbin:/home/karimimonsefi.1/espnet/tools/kaldi/src/kwsbin:/home/karimimonsefi.1/espnet/tools/kaldi/src/latbin:/home/karimimonsefi.1/espnet/tools/kaldi/src/lmbin:/home/karimimonsefi.1/espnet/tools/kaldi/src/nnet2bin:/home/karimimonsefi.1/espnet/tools/kaldi/src/nnet3bin:/home/karimimonsefi.1/espnet/tools/kaldi/src/nnetbin:/home/karimimonsefi.1/espnet/tools/kaldi/src/online2bin:/home/karimimonsefi.1/espnet/tools/kaldi/src/onlinebin:/home/karimimonsefi.1/espnet/tools/kaldi/src/rnnlmbin:/home/karimimonsefi.1/espnet/tools/kaldi/src/sgmm2bin:/home/karimimonsefi.1/espnet/tools/kaldi/src/sgmmbin:/home/karimimonsefi.1/espnet/tools/kaldi/src/tfrnnlmbin:/home/karimimonsefi.1/espnet/tools/kaldi/src/cudadecoderbin:/home/karimimonsefi.1/espnet/tools/kaldi/src/cudafeatbin:/home/karimimonsefi.1/espnet/egs2/an4/tts1/utils:/home/karimimonsefi.1/espnet/tools/kaldi/tools/openfst/bin:/home/karimimonsefi.1/miniconda3/condabin:/home/karimimonsefi.1/.local/bin:/home/karimimonsefi.1/bin:/usr/local/bin:/usr/bin:/usr/local/sbin:/usr/sbin
+++ PATH=/home/karimimonsefi.1/espnet/tools/sctk/bin:/home/karimimonsefi.1/espnet/tools/sph2pipe:/home/karimimonsefi.1/miniconda3/envs/espnet_env/bin:/home/karimimonsefi.1/espnet/tools/kaldi/src/bin:/home/karimimonsefi.1/espnet/tools/kaldi/src/chainbin:/home/karimimonsefi.1/espnet/tools/kaldi/src/featbin:/home/karimimonsefi.1/espnet/tools/kaldi/src/fgmmbin:/home/karimimonsefi.1/espnet/tools/kaldi/src/fstbin:/home/karimimonsefi.1/espnet/tools/kaldi/src/gmmbin:/home/karimimonsefi.1/espnet/tools/kaldi/src/ivectorbin:/home/karimimonsefi.1/espnet/tools/kaldi/src/kwsbin:/home/karimimonsefi.1/espnet/tools/kaldi/src/latbin:/home/karimimonsefi.1/espnet/tools/kaldi/src/lmbin:/home/karimimonsefi.1/espnet/tools/kaldi/src/nnet2bin:/home/karimimonsefi.1/espnet/tools/kaldi/src/nnet3bin:/home/karimimonsefi.1/espnet/tools/kaldi/src/nnetbin:/home/karimimonsefi.1/espnet/tools/kaldi/src/online2bin:/home/karimimonsefi.1/espnet/tools/kaldi/src/onlinebin:/home/karimimonsefi.1/espnet/tools/kaldi/src/rnnlmbin:/home/karimimonsefi.1/espnet/tools/kaldi/src/sgmm2bin:/home/karimimonsefi.1/espnet/tools/kaldi/src/sgmmbin:/home/karimimonsefi.1/espnet/tools/kaldi/src/tfrnnlmbin:/home/karimimonsefi.1/espnet/tools/kaldi/src/cudadecoderbin:/home/karimimonsefi.1/espnet/tools/kaldi/src/cudafeatbin:/home/karimimonsefi.1/espnet/egs2/an4/tts1/utils:/home/karimimonsefi.1/espnet/tools/kaldi/tools/openfst/bin:/home/karimimonsefi.1/miniconda3/condabin:/home/karimimonsefi.1/.local/bin:/home/karimimonsefi.1/bin:/usr/local/bin:/usr/bin:/usr/local/sbin:/usr/sbin
+++ export PATH=/home/karimimonsefi.1/espnet/tools/mwerSegmenter:/home/karimimonsefi.1/espnet/tools/sctk/bin:/home/karimimonsefi.1/espnet/tools/sph2pipe:/home/karimimonsefi.1/miniconda3/envs/espnet_env/bin:/home/karimimonsefi.1/espnet/tools/kaldi/src/bin:/home/karimimonsefi.1/espnet/tools/kaldi/src/chainbin:/home/karimimonsefi.1/espnet/tools/kaldi/src/featbin:/home/karimimonsefi.1/espnet/tools/kaldi/src/fgmmbin:/home/karimimonsefi.1/espnet/tools/kaldi/src/fstbin:/home/karimimonsefi.1/espnet/tools/kaldi/src/gmmbin:/home/karimimonsefi.1/espnet/tools/kaldi/src/ivectorbin:/home/karimimonsefi.1/espnet/tools/kaldi/src/kwsbin:/home/karimimonsefi.1/espnet/tools/kaldi/src/latbin:/home/karimimonsefi.1/espnet/tools/kaldi/src/lmbin:/home/karimimonsefi.1/espnet/tools/kaldi/src/nnet2bin:/home/karimimonsefi.1/espnet/tools/kaldi/src/nnet3bin:/home/karimimonsefi.1/espnet/tools/kaldi/src/nnetbin:/home/karimimonsefi.1/espnet/tools/kaldi/src/online2bin:/home/karimimonsefi.1/espnet/tools/kaldi/src/onlinebin:/home/karimimonsefi.1/espnet/tools/kaldi/src/rnnlmbin:/home/karimimonsefi.1/espnet/tools/kaldi/src/sgmm2bin:/home/karimimonsefi.1/espnet/tools/kaldi/src/sgmmbin:/home/karimimonsefi.1/espnet/tools/kaldi/src/tfrnnlmbin:/home/karimimonsefi.1/espnet/tools/kaldi/src/cudadecoderbin:/home/karimimonsefi.1/espnet/tools/kaldi/src/cudafeatbin:/home/karimimonsefi.1/espnet/egs2/an4/tts1/utils:/home/karimimonsefi.1/espnet/tools/kaldi/tools/openfst/bin:/home/karimimonsefi.1/miniconda3/condabin:/home/karimimonsefi.1/.local/bin:/home/karimimonsefi.1/bin:/usr/local/bin:/usr/bin:/usr/local/sbin:/usr/sbin
+++ PATH=/home/karimimonsefi.1/espnet/tools/mwerSegmenter:/home/karimimonsefi.1/espnet/tools/sctk/bin:/home/karimimonsefi.1/espnet/tools/sph2pipe:/home/karimimonsefi.1/miniconda3/envs/espnet_env/bin:/home/karimimonsefi.1/espnet/tools/kaldi/src/bin:/home/karimimonsefi.1/espnet/tools/kaldi/src/chainbin:/home/karimimonsefi.1/espnet/tools/kaldi/src/featbin:/home/karimimonsefi.1/espnet/tools/kaldi/src/fgmmbin:/home/karimimonsefi.1/espnet/tools/kaldi/src/fstbin:/home/karimimonsefi.1/espnet/tools/kaldi/src/gmmbin:/home/karimimonsefi.1/espnet/tools/kaldi/src/ivectorbin:/home/karimimonsefi.1/espnet/tools/kaldi/src/kwsbin:/home/karimimonsefi.1/espnet/tools/kaldi/src/latbin:/home/karimimonsefi.1/espnet/tools/kaldi/src/lmbin:/home/karimimonsefi.1/espnet/tools/kaldi/src/nnet2bin:/home/karimimonsefi.1/espnet/tools/kaldi/src/nnet3bin:/home/karimimonsefi.1/espnet/tools/kaldi/src/nnetbin:/home/karimimonsefi.1/espnet/tools/kaldi/src/online2bin:/home/karimimonsefi.1/espnet/tools/kaldi/src/onlinebin:/home/karimimonsefi.1/espnet/tools/kaldi/src/rnnlmbin:/home/karimimonsefi.1/espnet/tools/kaldi/src/sgmm2bin:/home/karimimonsefi.1/espnet/tools/kaldi/src/sgmmbin:/home/karimimonsefi.1/espnet/tools/kaldi/src/tfrnnlmbin:/home/karimimonsefi.1/espnet/tools/kaldi/src/cudadecoderbin:/home/karimimonsefi.1/espnet/tools/kaldi/src/cudafeatbin:/home/karimimonsefi.1/espnet/egs2/an4/tts1/utils:/home/karimimonsefi.1/espnet/tools/kaldi/tools/openfst/bin:/home/karimimonsefi.1/miniconda3/condabin:/home/karimimonsefi.1/.local/bin:/home/karimimonsefi.1/bin:/usr/local/bin:/usr/bin:/usr/local/sbin:/usr/sbin
+++ export PATH=/home/karimimonsefi.1/espnet/tools/moses/scripts/tokenizer:/home/karimimonsefi.1/espnet/tools/moses/scripts/generic:/home/karimimonsefi.1/espnet/tools/tools/moses/scripts/recaser:/home/karimimonsefi.1/espnet/tools/moses/scripts/training:/home/karimimonsefi.1/espnet/tools/mwerSegmenter:/home/karimimonsefi.1/espnet/tools/sctk/bin:/home/karimimonsefi.1/espnet/tools/sph2pipe:/home/karimimonsefi.1/miniconda3/envs/espnet_env/bin:/home/karimimonsefi.1/espnet/tools/kaldi/src/bin:/home/karimimonsefi.1/espnet/tools/kaldi/src/chainbin:/home/karimimonsefi.1/espnet/tools/kaldi/src/featbin:/home/karimimonsefi.1/espnet/tools/kaldi/src/fgmmbin:/home/karimimonsefi.1/espnet/tools/kaldi/src/fstbin:/home/karimimonsefi.1/espnet/tools/kaldi/src/gmmbin:/home/karimimonsefi.1/espnet/tools/kaldi/src/ivectorbin:/home/karimimonsefi.1/espnet/tools/kaldi/src/kwsbin:/home/karimimonsefi.1/espnet/tools/kaldi/src/latbin:/home/karimimonsefi.1/espnet/tools/kaldi/src/lmbin:/home/karimimonsefi.1/espnet/tools/kaldi/src/nnet2bin:/home/karimimonsefi.1/espnet/tools/kaldi/src/nnet3bin:/home/karimimonsefi.1/espnet/tools/kaldi/src/nnetbin:/home/karimimonsefi.1/espnet/tools/kaldi/src/online2bin:/home/karimimonsefi.1/espnet/tools/kaldi/src/onlinebin:/home/karimimonsefi.1/espnet/tools/kaldi/src/rnnlmbin:/home/karimimonsefi.1/espnet/tools/kaldi/src/sgmm2bin:/home/karimimonsefi.1/espnet/tools/kaldi/src/sgmmbin:/home/karimimonsefi.1/espnet/tools/kaldi/src/tfrnnlmbin:/home/karimimonsefi.1/espnet/tools/kaldi/src/cudadecoderbin:/home/karimimonsefi.1/espnet/tools/kaldi/src/cudafeatbin:/home/karimimonsefi.1/espnet/egs2/an4/tts1/utils:/home/karimimonsefi.1/espnet/tools/kaldi/tools/openfst/bin:/home/karimimonsefi.1/miniconda3/condabin:/home/karimimonsefi.1/.local/bin:/home/karimimonsefi.1/bin:/usr/local/bin:/usr/bin:/usr/local/sbin:/usr/sbin
+++ PATH=/home/karimimonsefi.1/espnet/tools/moses/scripts/tokenizer:/home/karimimonsefi.1/espnet/tools/moses/scripts/generic:/home/karimimonsefi.1/espnet/tools/tools/moses/scripts/recaser:/home/karimimonsefi.1/espnet/tools/moses/scripts/training:/home/karimimonsefi.1/espnet/tools/mwerSegmenter:/home/karimimonsefi.1/espnet/tools/sctk/bin:/home/karimimonsefi.1/espnet/tools/sph2pipe:/home/karimimonsefi.1/miniconda3/envs/espnet_env/bin:/home/karimimonsefi.1/espnet/tools/kaldi/src/bin:/home/karimimonsefi.1/espnet/tools/kaldi/src/chainbin:/home/karimimonsefi.1/espnet/tools/kaldi/src/featbin:/home/karimimonsefi.1/espnet/tools/kaldi/src/fgmmbin:/home/karimimonsefi.1/espnet/tools/kaldi/src/fstbin:/home/karimimonsefi.1/espnet/tools/kaldi/src/gmmbin:/home/karimimonsefi.1/espnet/tools/kaldi/src/ivectorbin:/home/karimimonsefi.1/espnet/tools/kaldi/src/kwsbin:/home/karimimonsefi.1/espnet/tools/kaldi/src/latbin:/home/karimimonsefi.1/espnet/tools/kaldi/src/lmbin:/home/karimimonsefi.1/espnet/tools/kaldi/src/nnet2bin:/home/karimimonsefi.1/espnet/tools/kaldi/src/nnet3bin:/home/karimimonsefi.1/espnet/tools/kaldi/src/nnetbin:/home/karimimonsefi.1/espnet/tools/kaldi/src/online2bin:/home/karimimonsefi.1/espnet/tools/kaldi/src/onlinebin:/home/karimimonsefi.1/espnet/tools/kaldi/src/rnnlmbin:/home/karimimonsefi.1/espnet/tools/kaldi/src/sgmm2bin:/home/karimimonsefi.1/espnet/tools/kaldi/src/sgmmbin:/home/karimimonsefi.1/espnet/tools/kaldi/src/tfrnnlmbin:/home/karimimonsefi.1/espnet/tools/kaldi/src/cudadecoderbin:/home/karimimonsefi.1/espnet/tools/kaldi/src/cudafeatbin:/home/karimimonsefi.1/espnet/egs2/an4/tts1/utils:/home/karimimonsefi.1/espnet/tools/kaldi/tools/openfst/bin:/home/karimimonsefi.1/miniconda3/condabin:/home/karimimonsefi.1/.local/bin:/home/karimimonsefi.1/bin:/usr/local/bin:/usr/bin:/usr/local/sbin:/usr/sbin
+++ export PATH=/home/karimimonsefi.1/espnet/tools/nkf/nkf-2.1.4:/home/karimimonsefi.1/espnet/tools/moses/scripts/tokenizer:/home/karimimonsefi.1/espnet/tools/moses/scripts/generic:/home/karimimonsefi.1/espnet/tools/tools/moses/scripts/recaser:/home/karimimonsefi.1/espnet/tools/moses/scripts/training:/home/karimimonsefi.1/espnet/tools/mwerSegmenter:/home/karimimonsefi.1/espnet/tools/sctk/bin:/home/karimimonsefi.1/espnet/tools/sph2pipe:/home/karimimonsefi.1/miniconda3/envs/espnet_env/bin:/home/karimimonsefi.1/espnet/tools/kaldi/src/bin:/home/karimimonsefi.1/espnet/tools/kaldi/src/chainbin:/home/karimimonsefi.1/espnet/tools/kaldi/src/featbin:/home/karimimonsefi.1/espnet/tools/kaldi/src/fgmmbin:/home/karimimonsefi.1/espnet/tools/kaldi/src/fstbin:/home/karimimonsefi.1/espnet/tools/kaldi/src/gmmbin:/home/karimimonsefi.1/espnet/tools/kaldi/src/ivectorbin:/home/karimimonsefi.1/espnet/tools/kaldi/src/kwsbin:/home/karimimonsefi.1/espnet/tools/kaldi/src/latbin:/home/karimimonsefi.1/espnet/tools/kaldi/src/lmbin:/home/karimimonsefi.1/espnet/tools/kaldi/src/nnet2bin:/home/karimimonsefi.1/espnet/tools/kaldi/src/nnet3bin:/home/karimimonsefi.1/espnet/tools/kaldi/src/nnetbin:/home/karimimonsefi.1/espnet/tools/kaldi/src/online2bin:/home/karimimonsefi.1/espnet/tools/kaldi/src/onlinebin:/home/karimimonsefi.1/espnet/tools/kaldi/src/rnnlmbin:/home/karimimonsefi.1/espnet/tools/kaldi/src/sgmm2bin:/home/karimimonsefi.1/espnet/tools/kaldi/src/sgmmbin:/home/karimimonsefi.1/espnet/tools/kaldi/src/tfrnnlmbin:/home/karimimonsefi.1/espnet/tools/kaldi/src/cudadecoderbin:/home/karimimonsefi.1/espnet/tools/kaldi/src/cudafeatbin:/home/karimimonsefi.1/espnet/egs2/an4/tts1/utils:/home/karimimonsefi.1/espnet/tools/kaldi/tools/openfst/bin:/home/karimimonsefi.1/miniconda3/condabin:/home/karimimonsefi.1/.local/bin:/home/karimimonsefi.1/bin:/usr/local/bin:/usr/bin:/usr/local/sbin:/usr/sbin
+++ PATH=/home/karimimonsefi.1/espnet/tools/nkf/nkf-2.1.4:/home/karimimonsefi.1/espnet/tools/moses/scripts/tokenizer:/home/karimimonsefi.1/espnet/tools/moses/scripts/generic:/home/karimimonsefi.1/espnet/tools/tools/moses/scripts/recaser:/home/karimimonsefi.1/espnet/tools/moses/scripts/training:/home/karimimonsefi.1/espnet/tools/mwerSegmenter:/home/karimimonsefi.1/espnet/tools/sctk/bin:/home/karimimonsefi.1/espnet/tools/sph2pipe:/home/karimimonsefi.1/miniconda3/envs/espnet_env/bin:/home/karimimonsefi.1/espnet/tools/kaldi/src/bin:/home/karimimonsefi.1/espnet/tools/kaldi/src/chainbin:/home/karimimonsefi.1/espnet/tools/kaldi/src/featbin:/home/karimimonsefi.1/espnet/tools/kaldi/src/fgmmbin:/home/karimimonsefi.1/espnet/tools/kaldi/src/fstbin:/home/karimimonsefi.1/espnet/tools/kaldi/src/gmmbin:/home/karimimonsefi.1/espnet/tools/kaldi/src/ivectorbin:/home/karimimonsefi.1/espnet/tools/kaldi/src/kwsbin:/home/karimimonsefi.1/espnet/tools/kaldi/src/latbin:/home/karimimonsefi.1/espnet/tools/kaldi/src/lmbin:/home/karimimonsefi.1/espnet/tools/kaldi/src/nnet2bin:/home/karimimonsefi.1/espnet/tools/kaldi/src/nnet3bin:/home/karimimonsefi.1/espnet/tools/kaldi/src/nnetbin:/home/karimimonsefi.1/espnet/tools/kaldi/src/online2bin:/home/karimimonsefi.1/espnet/tools/kaldi/src/onlinebin:/home/karimimonsefi.1/espnet/tools/kaldi/src/rnnlmbin:/home/karimimonsefi.1/espnet/tools/kaldi/src/sgmm2bin:/home/karimimonsefi.1/espnet/tools/kaldi/src/sgmmbin:/home/karimimonsefi.1/espnet/tools/kaldi/src/tfrnnlmbin:/home/karimimonsefi.1/espnet/tools/kaldi/src/cudadecoderbin:/home/karimimonsefi.1/espnet/tools/kaldi/src/cudafeatbin:/home/karimimonsefi.1/espnet/egs2/an4/tts1/utils:/home/karimimonsefi.1/espnet/tools/kaldi/tools/openfst/bin:/home/karimimonsefi.1/miniconda3/condabin:/home/karimimonsefi.1/.local/bin:/home/karimimonsefi.1/bin:/usr/local/bin:/usr/bin:/usr/local/sbin:/usr/sbin
+++ export PATH=/home/karimimonsefi.1/espnet/tools/PESQ/P862_annex_A_2005_CD/source:/home/karimimonsefi.1/espnet/tools/nkf/nkf-2.1.4:/home/karimimonsefi.1/espnet/tools/moses/scripts/tokenizer:/home/karimimonsefi.1/espnet/tools/moses/scripts/generic:/home/karimimonsefi.1/espnet/tools/tools/moses/scripts/recaser:/home/karimimonsefi.1/espnet/tools/moses/scripts/training:/home/karimimonsefi.1/espnet/tools/mwerSegmenter:/home/karimimonsefi.1/espnet/tools/sctk/bin:/home/karimimonsefi.1/espnet/tools/sph2pipe:/home/karimimonsefi.1/miniconda3/envs/espnet_env/bin:/home/karimimonsefi.1/espnet/tools/kaldi/src/bin:/home/karimimonsefi.1/espnet/tools/kaldi/src/chainbin:/home/karimimonsefi.1/espnet/tools/kaldi/src/featbin:/home/karimimonsefi.1/espnet/tools/kaldi/src/fgmmbin:/home/karimimonsefi.1/espnet/tools/kaldi/src/fstbin:/home/karimimonsefi.1/espnet/tools/kaldi/src/gmmbin:/home/karimimonsefi.1/espnet/tools/kaldi/src/ivectorbin:/home/karimimonsefi.1/espnet/tools/kaldi/src/kwsbin:/home/karimimonsefi.1/espnet/tools/kaldi/src/latbin:/home/karimimonsefi.1/espnet/tools/kaldi/src/lmbin:/home/karimimonsefi.1/espnet/tools/kaldi/src/nnet2bin:/home/karimimonsefi.1/espnet/tools/kaldi/src/nnet3bin:/home/karimimonsefi.1/espnet/tools/kaldi/src/nnetbin:/home/karimimonsefi.1/espnet/tools/kaldi/src/online2bin:/home/karimimonsefi.1/espnet/tools/kaldi/src/onlinebin:/home/karimimonsefi.1/espnet/tools/kaldi/src/rnnlmbin:/home/karimimonsefi.1/espnet/tools/kaldi/src/sgmm2bin:/home/karimimonsefi.1/espnet/tools/kaldi/src/sgmmbin:/home/karimimonsefi.1/espnet/tools/kaldi/src/tfrnnlmbin:/home/karimimonsefi.1/espnet/tools/kaldi/src/cudadecoderbin:/home/karimimonsefi.1/espnet/tools/kaldi/src/cudafeatbin:/home/karimimonsefi.1/espnet/egs2/an4/tts1/utils:/home/karimimonsefi.1/espnet/tools/kaldi/tools/openfst/bin:/home/karimimonsefi.1/miniconda3/condabin:/home/karimimonsefi.1/.local/bin:/home/karimimonsefi.1/bin:/usr/local/bin:/usr/bin:/usr/local/sbin:/usr/sbin
+++ PATH=/home/karimimonsefi.1/espnet/tools/PESQ/P862_annex_A_2005_CD/source:/home/karimimonsefi.1/espnet/tools/nkf/nkf-2.1.4:/home/karimimonsefi.1/espnet/tools/moses/scripts/tokenizer:/home/karimimonsefi.1/espnet/tools/moses/scripts/generic:/home/karimimonsefi.1/espnet/tools/tools/moses/scripts/recaser:/home/karimimonsefi.1/espnet/tools/moses/scripts/training:/home/karimimonsefi.1/espnet/tools/mwerSegmenter:/home/karimimonsefi.1/espnet/tools/sctk/bin:/home/karimimonsefi.1/espnet/tools/sph2pipe:/home/karimimonsefi.1/miniconda3/envs/espnet_env/bin:/home/karimimonsefi.1/espnet/tools/kaldi/src/bin:/home/karimimonsefi.1/espnet/tools/kaldi/src/chainbin:/home/karimimonsefi.1/espnet/tools/kaldi/src/featbin:/home/karimimonsefi.1/espnet/tools/kaldi/src/fgmmbin:/home/karimimonsefi.1/espnet/tools/kaldi/src/fstbin:/home/karimimonsefi.1/espnet/tools/kaldi/src/gmmbin:/home/karimimonsefi.1/espnet/tools/kaldi/src/ivectorbin:/home/karimimonsefi.1/espnet/tools/kaldi/src/kwsbin:/home/karimimonsefi.1/espnet/tools/kaldi/src/latbin:/home/karimimonsefi.1/espnet/tools/kaldi/src/lmbin:/home/karimimonsefi.1/espnet/tools/kaldi/src/nnet2bin:/home/karimimonsefi.1/espnet/tools/kaldi/src/nnet3bin:/home/karimimonsefi.1/espnet/tools/kaldi/src/nnetbin:/home/karimimonsefi.1/espnet/tools/kaldi/src/online2bin:/home/karimimonsefi.1/espnet/tools/kaldi/src/onlinebin:/home/karimimonsefi.1/espnet/tools/kaldi/src/rnnlmbin:/home/karimimonsefi.1/espnet/tools/kaldi/src/sgmm2bin:/home/karimimonsefi.1/espnet/tools/kaldi/src/sgmmbin:/home/karimimonsefi.1/espnet/tools/kaldi/src/tfrnnlmbin:/home/karimimonsefi.1/espnet/tools/kaldi/src/cudadecoderbin:/home/karimimonsefi.1/espnet/tools/kaldi/src/cudafeatbin:/home/karimimonsefi.1/espnet/egs2/an4/tts1/utils:/home/karimimonsefi.1/espnet/tools/kaldi/tools/openfst/bin:/home/karimimonsefi.1/miniconda3/condabin:/home/karimimonsefi.1/.local/bin:/home/karimimonsefi.1/bin:/usr/local/bin:/usr/bin:/usr/local/sbin:/usr/sbin
+++ export PATH=/home/karimimonsefi.1/espnet/tools/kenlm/build/bin:/home/karimimonsefi.1/espnet/tools/PESQ/P862_annex_A_2005_CD/source:/home/karimimonsefi.1/espnet/tools/nkf/nkf-2.1.4:/home/karimimonsefi.1/espnet/tools/moses/scripts/tokenizer:/home/karimimonsefi.1/espnet/tools/moses/scripts/generic:/home/karimimonsefi.1/espnet/tools/tools/moses/scripts/recaser:/home/karimimonsefi.1/espnet/tools/moses/scripts/training:/home/karimimonsefi.1/espnet/tools/mwerSegmenter:/home/karimimonsefi.1/espnet/tools/sctk/bin:/home/karimimonsefi.1/espnet/tools/sph2pipe:/home/karimimonsefi.1/miniconda3/envs/espnet_env/bin:/home/karimimonsefi.1/espnet/tools/kaldi/src/bin:/home/karimimonsefi.1/espnet/tools/kaldi/src/chainbin:/home/karimimonsefi.1/espnet/tools/kaldi/src/featbin:/home/karimimonsefi.1/espnet/tools/kaldi/src/fgmmbin:/home/karimimonsefi.1/espnet/tools/kaldi/src/fstbin:/home/karimimonsefi.1/espnet/tools/kaldi/src/gmmbin:/home/karimimonsefi.1/espnet/tools/kaldi/src/ivectorbin:/home/karimimonsefi.1/espnet/tools/kaldi/src/kwsbin:/home/karimimonsefi.1/espnet/tools/kaldi/src/latbin:/home/karimimonsefi.1/espnet/tools/kaldi/src/lmbin:/home/karimimonsefi.1/espnet/tools/kaldi/src/nnet2bin:/home/karimimonsefi.1/espnet/tools/kaldi/src/nnet3bin:/home/karimimonsefi.1/espnet/tools/kaldi/src/nnetbin:/home/karimimonsefi.1/espnet/tools/kaldi/src/online2bin:/home/karimimonsefi.1/espnet/tools/kaldi/src/onlinebin:/home/karimimonsefi.1/espnet/tools/kaldi/src/rnnlmbin:/home/karimimonsefi.1/espnet/tools/kaldi/src/sgmm2bin:/home/karimimonsefi.1/espnet/tools/kaldi/src/sgmmbin:/home/karimimonsefi.1/espnet/tools/kaldi/src/tfrnnlmbin:/home/karimimonsefi.1/espnet/tools/kaldi/src/cudadecoderbin:/home/karimimonsefi.1/espnet/tools/kaldi/src/cudafeatbin:/home/karimimonsefi.1/espnet/egs2/an4/tts1/utils:/home/karimimonsefi.1/espnet/tools/kaldi/tools/openfst/bin:/home/karimimonsefi.1/miniconda3/condabin:/home/karimimonsefi.1/.local/bin:/home/karimimonsefi.1/bin:/usr/local/bin:/usr/bin:/usr/local/sbin:/usr/sbin
+++ PATH=/home/karimimonsefi.1/espnet/tools/kenlm/build/bin:/home/karimimonsefi.1/espnet/tools/PESQ/P862_annex_A_2005_CD/source:/home/karimimonsefi.1/espnet/tools/nkf/nkf-2.1.4:/home/karimimonsefi.1/espnet/tools/moses/scripts/tokenizer:/home/karimimonsefi.1/espnet/tools/moses/scripts/generic:/home/karimimonsefi.1/espnet/tools/tools/moses/scripts/recaser:/home/karimimonsefi.1/espnet/tools/moses/scripts/training:/home/karimimonsefi.1/espnet/tools/mwerSegmenter:/home/karimimonsefi.1/espnet/tools/sctk/bin:/home/karimimonsefi.1/espnet/tools/sph2pipe:/home/karimimonsefi.1/miniconda3/envs/espnet_env/bin:/home/karimimonsefi.1/espnet/tools/kaldi/src/bin:/home/karimimonsefi.1/espnet/tools/kaldi/src/chainbin:/home/karimimonsefi.1/espnet/tools/kaldi/src/featbin:/home/karimimonsefi.1/espnet/tools/kaldi/src/fgmmbin:/home/karimimonsefi.1/espnet/tools/kaldi/src/fstbin:/home/karimimonsefi.1/espnet/tools/kaldi/src/gmmbin:/home/karimimonsefi.1/espnet/tools/kaldi/src/ivectorbin:/home/karimimonsefi.1/espnet/tools/kaldi/src/kwsbin:/home/karimimonsefi.1/espnet/tools/kaldi/src/latbin:/home/karimimonsefi.1/espnet/tools/kaldi/src/lmbin:/home/karimimonsefi.1/espnet/tools/kaldi/src/nnet2bin:/home/karimimonsefi.1/espnet/tools/kaldi/src/nnet3bin:/home/karimimonsefi.1/espnet/tools/kaldi/src/nnetbin:/home/karimimonsefi.1/espnet/tools/kaldi/src/online2bin:/home/karimimonsefi.1/espnet/tools/kaldi/src/onlinebin:/home/karimimonsefi.1/espnet/tools/kaldi/src/rnnlmbin:/home/karimimonsefi.1/espnet/tools/kaldi/src/sgmm2bin:/home/karimimonsefi.1/espnet/tools/kaldi/src/sgmmbin:/home/karimimonsefi.1/espnet/tools/kaldi/src/tfrnnlmbin:/home/karimimonsefi.1/espnet/tools/kaldi/src/cudadecoderbin:/home/karimimonsefi.1/espnet/tools/kaldi/src/cudafeatbin:/home/karimimonsefi.1/espnet/egs2/an4/tts1/utils:/home/karimimonsefi.1/espnet/tools/kaldi/tools/openfst/bin:/home/karimimonsefi.1/miniconda3/condabin:/home/karimimonsefi.1/.local/bin:/home/karimimonsefi.1/bin:/usr/local/bin:/usr/bin:/usr/local/sbin:/usr/sbin
+++ export PATH=/home/karimimonsefi.1/espnet/tools/BeamformIt:/home/karimimonsefi.1/espnet/tools/kenlm/build/bin:/home/karimimonsefi.1/espnet/tools/PESQ/P862_annex_A_2005_CD/source:/home/karimimonsefi.1/espnet/tools/nkf/nkf-2.1.4:/home/karimimonsefi.1/espnet/tools/moses/scripts/tokenizer:/home/karimimonsefi.1/espnet/tools/moses/scripts/generic:/home/karimimonsefi.1/espnet/tools/tools/moses/scripts/recaser:/home/karimimonsefi.1/espnet/tools/moses/scripts/training:/home/karimimonsefi.1/espnet/tools/mwerSegmenter:/home/karimimonsefi.1/espnet/tools/sctk/bin:/home/karimimonsefi.1/espnet/tools/sph2pipe:/home/karimimonsefi.1/miniconda3/envs/espnet_env/bin:/home/karimimonsefi.1/espnet/tools/kaldi/src/bin:/home/karimimonsefi.1/espnet/tools/kaldi/src/chainbin:/home/karimimonsefi.1/espnet/tools/kaldi/src/featbin:/home/karimimonsefi.1/espnet/tools/kaldi/src/fgmmbin:/home/karimimonsefi.1/espnet/tools/kaldi/src/fstbin:/home/karimimonsefi.1/espnet/tools/kaldi/src/gmmbin:/home/karimimonsefi.1/espnet/tools/kaldi/src/ivectorbin:/home/karimimonsefi.1/espnet/tools/kaldi/src/kwsbin:/home/karimimonsefi.1/espnet/tools/kaldi/src/latbin:/home/karimimonsefi.1/espnet/tools/kaldi/src/lmbin:/home/karimimonsefi.1/espnet/tools/kaldi/src/nnet2bin:/home/karimimonsefi.1/espnet/tools/kaldi/src/nnet3bin:/home/karimimonsefi.1/espnet/tools/kaldi/src/nnetbin:/home/karimimonsefi.1/espnet/tools/kaldi/src/online2bin:/home/karimimonsefi.1/espnet/tools/kaldi/src/onlinebin:/home/karimimonsefi.1/espnet/tools/kaldi/src/rnnlmbin:/home/karimimonsefi.1/espnet/tools/kaldi/src/sgmm2bin:/home/karimimonsefi.1/espnet/tools/kaldi/src/sgmmbin:/home/karimimonsefi.1/espnet/tools/kaldi/src/tfrnnlmbin:/home/karimimonsefi.1/espnet/tools/kaldi/src/cudadecoderbin:/home/karimimonsefi.1/espnet/tools/kaldi/src/cudafeatbin:/home/karimimonsefi.1/espnet/egs2/an4/tts1/utils:/home/karimimonsefi.1/espnet/tools/kaldi/tools/openfst/bin:/home/karimimonsefi.1/miniconda3/condabin:/home/karimimonsefi.1/.local/bin:/home/karimimonsefi.1/bin:/usr/local/bin:/usr/bin:/usr/local/sbin:/usr/sbin
+++ PATH=/home/karimimonsefi.1/espnet/tools/BeamformIt:/home/karimimonsefi.1/espnet/tools/kenlm/build/bin:/home/karimimonsefi.1/espnet/tools/PESQ/P862_annex_A_2005_CD/source:/home/karimimonsefi.1/espnet/tools/nkf/nkf-2.1.4:/home/karimimonsefi.1/espnet/tools/moses/scripts/tokenizer:/home/karimimonsefi.1/espnet/tools/moses/scripts/generic:/home/karimimonsefi.1/espnet/tools/tools/moses/scripts/recaser:/home/karimimonsefi.1/espnet/tools/moses/scripts/training:/home/karimimonsefi.1/espnet/tools/mwerSegmenter:/home/karimimonsefi.1/espnet/tools/sctk/bin:/home/karimimonsefi.1/espnet/tools/sph2pipe:/home/karimimonsefi.1/miniconda3/envs/espnet_env/bin:/home/karimimonsefi.1/espnet/tools/kaldi/src/bin:/home/karimimonsefi.1/espnet/tools/kaldi/src/chainbin:/home/karimimonsefi.1/espnet/tools/kaldi/src/featbin:/home/karimimonsefi.1/espnet/tools/kaldi/src/fgmmbin:/home/karimimonsefi.1/espnet/tools/kaldi/src/fstbin:/home/karimimonsefi.1/espnet/tools/kaldi/src/gmmbin:/home/karimimonsefi.1/espnet/tools/kaldi/src/ivectorbin:/home/karimimonsefi.1/espnet/tools/kaldi/src/kwsbin:/home/karimimonsefi.1/espnet/tools/kaldi/src/latbin:/home/karimimonsefi.1/espnet/tools/kaldi/src/lmbin:/home/karimimonsefi.1/espnet/tools/kaldi/src/nnet2bin:/home/karimimonsefi.1/espnet/tools/kaldi/src/nnet3bin:/home/karimimonsefi.1/espnet/tools/kaldi/src/nnetbin:/home/karimimonsefi.1/espnet/tools/kaldi/src/online2bin:/home/karimimonsefi.1/espnet/tools/kaldi/src/onlinebin:/home/karimimonsefi.1/espnet/tools/kaldi/src/rnnlmbin:/home/karimimonsefi.1/espnet/tools/kaldi/src/sgmm2bin:/home/karimimonsefi.1/espnet/tools/kaldi/src/sgmmbin:/home/karimimonsefi.1/espnet/tools/kaldi/src/tfrnnlmbin:/home/karimimonsefi.1/espnet/tools/kaldi/src/cudadecoderbin:/home/karimimonsefi.1/espnet/tools/kaldi/src/cudafeatbin:/home/karimimonsefi.1/espnet/egs2/an4/tts1/utils:/home/karimimonsefi.1/espnet/tools/kaldi/tools/openfst/bin:/home/karimimonsefi.1/miniconda3/condabin:/home/karimimonsefi.1/.local/bin:/home/karimimonsefi.1/bin:/usr/local/bin:/usr/bin:/usr/local/sbin:/usr/sbin
+++ export PATH=/home/karimimonsefi.1/espnet/tools/espeak-ng/bin:/home/karimimonsefi.1/espnet/tools/BeamformIt:/home/karimimonsefi.1/espnet/tools/kenlm/build/bin:/home/karimimonsefi.1/espnet/tools/PESQ/P862_annex_A_2005_CD/source:/home/karimimonsefi.1/espnet/tools/nkf/nkf-2.1.4:/home/karimimonsefi.1/espnet/tools/moses/scripts/tokenizer:/home/karimimonsefi.1/espnet/tools/moses/scripts/generic:/home/karimimonsefi.1/espnet/tools/tools/moses/scripts/recaser:/home/karimimonsefi.1/espnet/tools/moses/scripts/training:/home/karimimonsefi.1/espnet/tools/mwerSegmenter:/home/karimimonsefi.1/espnet/tools/sctk/bin:/home/karimimonsefi.1/espnet/tools/sph2pipe:/home/karimimonsefi.1/miniconda3/envs/espnet_env/bin:/home/karimimonsefi.1/espnet/tools/kaldi/src/bin:/home/karimimonsefi.1/espnet/tools/kaldi/src/chainbin:/home/karimimonsefi.1/espnet/tools/kaldi/src/featbin:/home/karimimonsefi.1/espnet/tools/kaldi/src/fgmmbin:/home/karimimonsefi.1/espnet/tools/kaldi/src/fstbin:/home/karimimonsefi.1/espnet/tools/kaldi/src/gmmbin:/home/karimimonsefi.1/espnet/tools/kaldi/src/ivectorbin:/home/karimimonsefi.1/espnet/tools/kaldi/src/kwsbin:/home/karimimonsefi.1/espnet/tools/kaldi/src/latbin:/home/karimimonsefi.1/espnet/tools/kaldi/src/lmbin:/home/karimimonsefi.1/espnet/tools/kaldi/src/nnet2bin:/home/karimimonsefi.1/espnet/tools/kaldi/src/nnet3bin:/home/karimimonsefi.1/espnet/tools/kaldi/src/nnetbin:/home/karimimonsefi.1/espnet/tools/kaldi/src/online2bin:/home/karimimonsefi.1/espnet/tools/kaldi/src/onlinebin:/home/karimimonsefi.1/espnet/tools/kaldi/src/rnnlmbin:/home/karimimonsefi.1/espnet/tools/kaldi/src/sgmm2bin:/home/karimimonsefi.1/espnet/tools/kaldi/src/sgmmbin:/home/karimimonsefi.1/espnet/tools/kaldi/src/tfrnnlmbin:/home/karimimonsefi.1/espnet/tools/kaldi/src/cudadecoderbin:/home/karimimonsefi.1/espnet/tools/kaldi/src/cudafeatbin:/home/karimimonsefi.1/espnet/egs2/an4/tts1/utils:/home/karimimonsefi.1/espnet/tools/kaldi/tools/openfst/bin:/home/karimimonsefi.1/miniconda3/condabin:/home/karimimonsefi.1/.local/bin:/home/karimimonsefi.1/bin:/usr/local/bin:/usr/bin:/usr/local/sbin:/usr/sbin
+++ PATH=/home/karimimonsefi.1/espnet/tools/espeak-ng/bin:/home/karimimonsefi.1/espnet/tools/BeamformIt:/home/karimimonsefi.1/espnet/tools/kenlm/build/bin:/home/karimimonsefi.1/espnet/tools/PESQ/P862_annex_A_2005_CD/source:/home/karimimonsefi.1/espnet/tools/nkf/nkf-2.1.4:/home/karimimonsefi.1/espnet/tools/moses/scripts/tokenizer:/home/karimimonsefi.1/espnet/tools/moses/scripts/generic:/home/karimimonsefi.1/espnet/tools/tools/moses/scripts/recaser:/home/karimimonsefi.1/espnet/tools/moses/scripts/training:/home/karimimonsefi.1/espnet/tools/mwerSegmenter:/home/karimimonsefi.1/espnet/tools/sctk/bin:/home/karimimonsefi.1/espnet/tools/sph2pipe:/home/karimimonsefi.1/miniconda3/envs/espnet_env/bin:/home/karimimonsefi.1/espnet/tools/kaldi/src/bin:/home/karimimonsefi.1/espnet/tools/kaldi/src/chainbin:/home/karimimonsefi.1/espnet/tools/kaldi/src/featbin:/home/karimimonsefi.1/espnet/tools/kaldi/src/fgmmbin:/home/karimimonsefi.1/espnet/tools/kaldi/src/fstbin:/home/karimimonsefi.1/espnet/tools/kaldi/src/gmmbin:/home/karimimonsefi.1/espnet/tools/kaldi/src/ivectorbin:/home/karimimonsefi.1/espnet/tools/kaldi/src/kwsbin:/home/karimimonsefi.1/espnet/tools/kaldi/src/latbin:/home/karimimonsefi.1/espnet/tools/kaldi/src/lmbin:/home/karimimonsefi.1/espnet/tools/kaldi/src/nnet2bin:/home/karimimonsefi.1/espnet/tools/kaldi/src/nnet3bin:/home/karimimonsefi.1/espnet/tools/kaldi/src/nnetbin:/home/karimimonsefi.1/espnet/tools/kaldi/src/online2bin:/home/karimimonsefi.1/espnet/tools/kaldi/src/onlinebin:/home/karimimonsefi.1/espnet/tools/kaldi/src/rnnlmbin:/home/karimimonsefi.1/espnet/tools/kaldi/src/sgmm2bin:/home/karimimonsefi.1/espnet/tools/kaldi/src/sgmmbin:/home/karimimonsefi.1/espnet/tools/kaldi/src/tfrnnlmbin:/home/karimimonsefi.1/espnet/tools/kaldi/src/cudadecoderbin:/home/karimimonsefi.1/espnet/tools/kaldi/src/cudafeatbin:/home/karimimonsefi.1/espnet/egs2/an4/tts1/utils:/home/karimimonsefi.1/espnet/tools/kaldi/tools/openfst/bin:/home/karimimonsefi.1/miniconda3/condabin:/home/karimimonsefi.1/.local/bin:/home/karimimonsefi.1/bin:/usr/local/bin:/usr/bin:/usr/local/sbin:/usr/sbin
+++ export PATH=/home/karimimonsefi.1/espnet/tools/MBROLA/Bin:/home/karimimonsefi.1/espnet/tools/espeak-ng/bin:/home/karimimonsefi.1/espnet/tools/BeamformIt:/home/karimimonsefi.1/espnet/tools/kenlm/build/bin:/home/karimimonsefi.1/espnet/tools/PESQ/P862_annex_A_2005_CD/source:/home/karimimonsefi.1/espnet/tools/nkf/nkf-2.1.4:/home/karimimonsefi.1/espnet/tools/moses/scripts/tokenizer:/home/karimimonsefi.1/espnet/tools/moses/scripts/generic:/home/karimimonsefi.1/espnet/tools/tools/moses/scripts/recaser:/home/karimimonsefi.1/espnet/tools/moses/scripts/training:/home/karimimonsefi.1/espnet/tools/mwerSegmenter:/home/karimimonsefi.1/espnet/tools/sctk/bin:/home/karimimonsefi.1/espnet/tools/sph2pipe:/home/karimimonsefi.1/miniconda3/envs/espnet_env/bin:/home/karimimonsefi.1/espnet/tools/kaldi/src/bin:/home/karimimonsefi.1/espnet/tools/kaldi/src/chainbin:/home/karimimonsefi.1/espnet/tools/kaldi/src/featbin:/home/karimimonsefi.1/espnet/tools/kaldi/src/fgmmbin:/home/karimimonsefi.1/espnet/tools/kaldi/src/fstbin:/home/karimimonsefi.1/espnet/tools/kaldi/src/gmmbin:/home/karimimonsefi.1/espnet/tools/kaldi/src/ivectorbin:/home/karimimonsefi.1/espnet/tools/kaldi/src/kwsbin:/home/karimimonsefi.1/espnet/tools/kaldi/src/latbin:/home/karimimonsefi.1/espnet/tools/kaldi/src/lmbin:/home/karimimonsefi.1/espnet/tools/kaldi/src/nnet2bin:/home/karimimonsefi.1/espnet/tools/kaldi/src/nnet3bin:/home/karimimonsefi.1/espnet/tools/kaldi/src/nnetbin:/home/karimimonsefi.1/espnet/tools/kaldi/src/online2bin:/home/karimimonsefi.1/espnet/tools/kaldi/src/onlinebin:/home/karimimonsefi.1/espnet/tools/kaldi/src/rnnlmbin:/home/karimimonsefi.1/espnet/tools/kaldi/src/sgmm2bin:/home/karimimonsefi.1/espnet/tools/kaldi/src/sgmmbin:/home/karimimonsefi.1/espnet/tools/kaldi/src/tfrnnlmbin:/home/karimimonsefi.1/espnet/tools/kaldi/src/cudadecoderbin:/home/karimimonsefi.1/espnet/tools/kaldi/src/cudafeatbin:/home/karimimonsefi.1/espnet/egs2/an4/tts1/utils:/home/karimimonsefi.1/espnet/tools/kaldi/tools/openfst/bin:/home/karimimonsefi.1/miniconda3/condabin:/home/karimimonsefi.1/.local/bin:/home/karimimonsefi.1/bin:/usr/local/bin:/usr/bin:/usr/local/sbin:/usr/sbin
+++ PATH=/home/karimimonsefi.1/espnet/tools/MBROLA/Bin:/home/karimimonsefi.1/espnet/tools/espeak-ng/bin:/home/karimimonsefi.1/espnet/tools/BeamformIt:/home/karimimonsefi.1/espnet/tools/kenlm/build/bin:/home/karimimonsefi.1/espnet/tools/PESQ/P862_annex_A_2005_CD/source:/home/karimimonsefi.1/espnet/tools/nkf/nkf-2.1.4:/home/karimimonsefi.1/espnet/tools/moses/scripts/tokenizer:/home/karimimonsefi.1/espnet/tools/moses/scripts/generic:/home/karimimonsefi.1/espnet/tools/tools/moses/scripts/recaser:/home/karimimonsefi.1/espnet/tools/moses/scripts/training:/home/karimimonsefi.1/espnet/tools/mwerSegmenter:/home/karimimonsefi.1/espnet/tools/sctk/bin:/home/karimimonsefi.1/espnet/tools/sph2pipe:/home/karimimonsefi.1/miniconda3/envs/espnet_env/bin:/home/karimimonsefi.1/espnet/tools/kaldi/src/bin:/home/karimimonsefi.1/espnet/tools/kaldi/src/chainbin:/home/karimimonsefi.1/espnet/tools/kaldi/src/featbin:/home/karimimonsefi.1/espnet/tools/kaldi/src/fgmmbin:/home/karimimonsefi.1/espnet/tools/kaldi/src/fstbin:/home/karimimonsefi.1/espnet/tools/kaldi/src/gmmbin:/home/karimimonsefi.1/espnet/tools/kaldi/src/ivectorbin:/home/karimimonsefi.1/espnet/tools/kaldi/src/kwsbin:/home/karimimonsefi.1/espnet/tools/kaldi/src/latbin:/home/karimimonsefi.1/espnet/tools/kaldi/src/lmbin:/home/karimimonsefi.1/espnet/tools/kaldi/src/nnet2bin:/home/karimimonsefi.1/espnet/tools/kaldi/src/nnet3bin:/home/karimimonsefi.1/espnet/tools/kaldi/src/nnetbin:/home/karimimonsefi.1/espnet/tools/kaldi/src/online2bin:/home/karimimonsefi.1/espnet/tools/kaldi/src/onlinebin:/home/karimimonsefi.1/espnet/tools/kaldi/src/rnnlmbin:/home/karimimonsefi.1/espnet/tools/kaldi/src/sgmm2bin:/home/karimimonsefi.1/espnet/tools/kaldi/src/sgmmbin:/home/karimimonsefi.1/espnet/tools/kaldi/src/tfrnnlmbin:/home/karimimonsefi.1/espnet/tools/kaldi/src/cudadecoderbin:/home/karimimonsefi.1/espnet/tools/kaldi/src/cudafeatbin:/home/karimimonsefi.1/espnet/egs2/an4/tts1/utils:/home/karimimonsefi.1/espnet/tools/kaldi/tools/openfst/bin:/home/karimimonsefi.1/miniconda3/condabin:/home/karimimonsefi.1/.local/bin:/home/karimimonsefi.1/bin:/usr/local/bin:/usr/bin:/usr/local/sbin:/usr/sbin
+++ export PATH=/home/karimimonsefi.1/espnet/tools/festival/bin:/home/karimimonsefi.1/espnet/tools/MBROLA/Bin:/home/karimimonsefi.1/espnet/tools/espeak-ng/bin:/home/karimimonsefi.1/espnet/tools/BeamformIt:/home/karimimonsefi.1/espnet/tools/kenlm/build/bin:/home/karimimonsefi.1/espnet/tools/PESQ/P862_annex_A_2005_CD/source:/home/karimimonsefi.1/espnet/tools/nkf/nkf-2.1.4:/home/karimimonsefi.1/espnet/tools/moses/scripts/tokenizer:/home/karimimonsefi.1/espnet/tools/moses/scripts/generic:/home/karimimonsefi.1/espnet/tools/tools/moses/scripts/recaser:/home/karimimonsefi.1/espnet/tools/moses/scripts/training:/home/karimimonsefi.1/espnet/tools/mwerSegmenter:/home/karimimonsefi.1/espnet/tools/sctk/bin:/home/karimimonsefi.1/espnet/tools/sph2pipe:/home/karimimonsefi.1/miniconda3/envs/espnet_env/bin:/home/karimimonsefi.1/espnet/tools/kaldi/src/bin:/home/karimimonsefi.1/espnet/tools/kaldi/src/chainbin:/home/karimimonsefi.1/espnet/tools/kaldi/src/featbin:/home/karimimonsefi.1/espnet/tools/kaldi/src/fgmmbin:/home/karimimonsefi.1/espnet/tools/kaldi/src/fstbin:/home/karimimonsefi.1/espnet/tools/kaldi/src/gmmbin:/home/karimimonsefi.1/espnet/tools/kaldi/src/ivectorbin:/home/karimimonsefi.1/espnet/tools/kaldi/src/kwsbin:/home/karimimonsefi.1/espnet/tools/kaldi/src/latbin:/home/karimimonsefi.1/espnet/tools/kaldi/src/lmbin:/home/karimimonsefi.1/espnet/tools/kaldi/src/nnet2bin:/home/karimimonsefi.1/espnet/tools/kaldi/src/nnet3bin:/home/karimimonsefi.1/espnet/tools/kaldi/src/nnetbin:/home/karimimonsefi.1/espnet/tools/kaldi/src/online2bin:/home/karimimonsefi.1/espnet/tools/kaldi/src/onlinebin:/home/karimimonsefi.1/espnet/tools/kaldi/src/rnnlmbin:/home/karimimonsefi.1/espnet/tools/kaldi/src/sgmm2bin:/home/karimimonsefi.1/espnet/tools/kaldi/src/sgmmbin:/home/karimimonsefi.1/espnet/tools/kaldi/src/tfrnnlmbin:/home/karimimonsefi.1/espnet/tools/kaldi/src/cudadecoderbin:/home/karimimonsefi.1/espnet/tools/kaldi/src/cudafeatbin:/home/karimimonsefi.1/espnet/egs2/an4/tts1/utils:/home/karimimonsefi.1/espnet/tools/kaldi/tools/openfst/bin:/home/karimimonsefi.1/miniconda3/condabin:/home/karimimonsefi.1/.local/bin:/home/karimimonsefi.1/bin:/usr/local/bin:/usr/bin:/usr/local/sbin:/usr/sbin
+++ PATH=/home/karimimonsefi.1/espnet/tools/festival/bin:/home/karimimonsefi.1/espnet/tools/MBROLA/Bin:/home/karimimonsefi.1/espnet/tools/espeak-ng/bin:/home/karimimonsefi.1/espnet/tools/BeamformIt:/home/karimimonsefi.1/espnet/tools/kenlm/build/bin:/home/karimimonsefi.1/espnet/tools/PESQ/P862_annex_A_2005_CD/source:/home/karimimonsefi.1/espnet/tools/nkf/nkf-2.1.4:/home/karimimonsefi.1/espnet/tools/moses/scripts/tokenizer:/home/karimimonsefi.1/espnet/tools/moses/scripts/generic:/home/karimimonsefi.1/espnet/tools/tools/moses/scripts/recaser:/home/karimimonsefi.1/espnet/tools/moses/scripts/training:/home/karimimonsefi.1/espnet/tools/mwerSegmenter:/home/karimimonsefi.1/espnet/tools/sctk/bin:/home/karimimonsefi.1/espnet/tools/sph2pipe:/home/karimimonsefi.1/miniconda3/envs/espnet_env/bin:/home/karimimonsefi.1/espnet/tools/kaldi/src/bin:/home/karimimonsefi.1/espnet/tools/kaldi/src/chainbin:/home/karimimonsefi.1/espnet/tools/kaldi/src/featbin:/home/karimimonsefi.1/espnet/tools/kaldi/src/fgmmbin:/home/karimimonsefi.1/espnet/tools/kaldi/src/fstbin:/home/karimimonsefi.1/espnet/tools/kaldi/src/gmmbin:/home/karimimonsefi.1/espnet/tools/kaldi/src/ivectorbin:/home/karimimonsefi.1/espnet/tools/kaldi/src/kwsbin:/home/karimimonsefi.1/espnet/tools/kaldi/src/latbin:/home/karimimonsefi.1/espnet/tools/kaldi/src/lmbin:/home/karimimonsefi.1/espnet/tools/kaldi/src/nnet2bin:/home/karimimonsefi.1/espnet/tools/kaldi/src/nnet3bin:/home/karimimonsefi.1/espnet/tools/kaldi/src/nnetbin:/home/karimimonsefi.1/espnet/tools/kaldi/src/online2bin:/home/karimimonsefi.1/espnet/tools/kaldi/src/onlinebin:/home/karimimonsefi.1/espnet/tools/kaldi/src/rnnlmbin:/home/karimimonsefi.1/espnet/tools/kaldi/src/sgmm2bin:/home/karimimonsefi.1/espnet/tools/kaldi/src/sgmmbin:/home/karimimonsefi.1/espnet/tools/kaldi/src/tfrnnlmbin:/home/karimimonsefi.1/espnet/tools/kaldi/src/cudadecoderbin:/home/karimimonsefi.1/espnet/tools/kaldi/src/cudafeatbin:/home/karimimonsefi.1/espnet/egs2/an4/tts1/utils:/home/karimimonsefi.1/espnet/tools/kaldi/tools/openfst/bin:/home/karimimonsefi.1/miniconda3/condabin:/home/karimimonsefi.1/.local/bin:/home/karimimonsefi.1/bin:/usr/local/bin:/usr/bin:/usr/local/sbin:/usr/sbin
+++ export LD_LIBRARY_PATH=/home/karimimonsefi.1/espnet/tools/lib:/home/karimimonsefi.1/espnet/tools/lib64:
+++ LD_LIBRARY_PATH=/home/karimimonsefi.1/espnet/tools/lib:/home/karimimonsefi.1/espnet/tools/lib64:
+++ export LD_LIBRARY_PATH=/home/karimimonsefi.1/espnet/tools/espeak-ng/lib:/home/karimimonsefi.1/espnet/tools/lib:/home/karimimonsefi.1/espnet/tools/lib64:
+++ LD_LIBRARY_PATH=/home/karimimonsefi.1/espnet/tools/espeak-ng/lib:/home/karimimonsefi.1/espnet/tools/lib:/home/karimimonsefi.1/espnet/tools/lib64:
+++ export PYTHONPATH=/home/karimimonsefi.1/espnet/tools/s3prl:
+++ PYTHONPATH=/home/karimimonsefi.1/espnet/tools/s3prl:
+++ export PYTHONPATH=/home/karimimonsefi.1/espnet/tools/RawNet/python/RawNet3:/home/karimimonsefi.1/espnet/tools/RawNet/python/RawNet3/models:/home/karimimonsefi.1/espnet/tools/s3prl:
+++ PYTHONPATH=/home/karimimonsefi.1/espnet/tools/RawNet/python/RawNet3:/home/karimimonsefi.1/espnet/tools/RawNet/python/RawNet3/models:/home/karimimonsefi.1/espnet/tools/s3prl:
++ export PATH=/home/karimimonsefi.1/espnet/egs2/an4/tts1/../../../utils:/home/karimimonsefi.1/espnet/egs2/an4/tts1/../../../espnet/bin:/home/karimimonsefi.1/espnet/tools/festival/bin:/home/karimimonsefi.1/espnet/tools/MBROLA/Bin:/home/karimimonsefi.1/espnet/tools/espeak-ng/bin:/home/karimimonsefi.1/espnet/tools/BeamformIt:/home/karimimonsefi.1/espnet/tools/kenlm/build/bin:/home/karimimonsefi.1/espnet/tools/PESQ/P862_annex_A_2005_CD/source:/home/karimimonsefi.1/espnet/tools/nkf/nkf-2.1.4:/home/karimimonsefi.1/espnet/tools/moses/scripts/tokenizer:/home/karimimonsefi.1/espnet/tools/moses/scripts/generic:/home/karimimonsefi.1/espnet/tools/tools/moses/scripts/recaser:/home/karimimonsefi.1/espnet/tools/moses/scripts/training:/home/karimimonsefi.1/espnet/tools/mwerSegmenter:/home/karimimonsefi.1/espnet/tools/sctk/bin:/home/karimimonsefi.1/espnet/tools/sph2pipe:/home/karimimonsefi.1/miniconda3/envs/espnet_env/bin:/home/karimimonsefi.1/espnet/tools/kaldi/src/bin:/home/karimimonsefi.1/espnet/tools/kaldi/src/chainbin:/home/karimimonsefi.1/espnet/tools/kaldi/src/featbin:/home/karimimonsefi.1/espnet/tools/kaldi/src/fgmmbin:/home/karimimonsefi.1/espnet/tools/kaldi/src/fstbin:/home/karimimonsefi.1/espnet/tools/kaldi/src/gmmbin:/home/karimimonsefi.1/espnet/tools/kaldi/src/ivectorbin:/home/karimimonsefi.1/espnet/tools/kaldi/src/kwsbin:/home/karimimonsefi.1/espnet/tools/kaldi/src/latbin:/home/karimimonsefi.1/espnet/tools/kaldi/src/lmbin:/home/karimimonsefi.1/espnet/tools/kaldi/src/nnet2bin:/home/karimimonsefi.1/espnet/tools/kaldi/src/nnet3bin:/home/karimimonsefi.1/espnet/tools/kaldi/src/nnetbin:/home/karimimonsefi.1/espnet/tools/kaldi/src/online2bin:/home/karimimonsefi.1/espnet/tools/kaldi/src/onlinebin:/home/karimimonsefi.1/espnet/tools/kaldi/src/rnnlmbin:/home/karimimonsefi.1/espnet/tools/kaldi/src/sgmm2bin:/home/karimimonsefi.1/espnet/tools/kaldi/src/sgmmbin:/home/karimimonsefi.1/espnet/tools/kaldi/src/tfrnnlmbin:/home/karimimonsefi.1/espnet/tools/kaldi/src/cudadecoderbin:/home/karimimonsefi.1/espnet/tools/kaldi/src/cudafeatbin:/home/karimimonsefi.1/espnet/egs2/an4/tts1/utils:/home/karimimonsefi.1/espnet/tools/kaldi/tools/openfst/bin:/home/karimimonsefi.1/miniconda3/condabin:/home/karimimonsefi.1/.local/bin:/home/karimimonsefi.1/bin:/usr/local/bin:/usr/bin:/usr/local/sbin:/usr/sbin
++ PATH=/home/karimimonsefi.1/espnet/egs2/an4/tts1/../../../utils:/home/karimimonsefi.1/espnet/egs2/an4/tts1/../../../espnet/bin:/home/karimimonsefi.1/espnet/tools/festival/bin:/home/karimimonsefi.1/espnet/tools/MBROLA/Bin:/home/karimimonsefi.1/espnet/tools/espeak-ng/bin:/home/karimimonsefi.1/espnet/tools/BeamformIt:/home/karimimonsefi.1/espnet/tools/kenlm/build/bin:/home/karimimonsefi.1/espnet/tools/PESQ/P862_annex_A_2005_CD/source:/home/karimimonsefi.1/espnet/tools/nkf/nkf-2.1.4:/home/karimimonsefi.1/espnet/tools/moses/scripts/tokenizer:/home/karimimonsefi.1/espnet/tools/moses/scripts/generic:/home/karimimonsefi.1/espnet/tools/tools/moses/scripts/recaser:/home/karimimonsefi.1/espnet/tools/moses/scripts/training:/home/karimimonsefi.1/espnet/tools/mwerSegmenter:/home/karimimonsefi.1/espnet/tools/sctk/bin:/home/karimimonsefi.1/espnet/tools/sph2pipe:/home/karimimonsefi.1/miniconda3/envs/espnet_env/bin:/home/karimimonsefi.1/espnet/tools/kaldi/src/bin:/home/karimimonsefi.1/espnet/tools/kaldi/src/chainbin:/home/karimimonsefi.1/espnet/tools/kaldi/src/featbin:/home/karimimonsefi.1/espnet/tools/kaldi/src/fgmmbin:/home/karimimonsefi.1/espnet/tools/kaldi/src/fstbin:/home/karimimonsefi.1/espnet/tools/kaldi/src/gmmbin:/home/karimimonsefi.1/espnet/tools/kaldi/src/ivectorbin:/home/karimimonsefi.1/espnet/tools/kaldi/src/kwsbin:/home/karimimonsefi.1/espnet/tools/kaldi/src/latbin:/home/karimimonsefi.1/espnet/tools/kaldi/src/lmbin:/home/karimimonsefi.1/espnet/tools/kaldi/src/nnet2bin:/home/karimimonsefi.1/espnet/tools/kaldi/src/nnet3bin:/home/karimimonsefi.1/espnet/tools/kaldi/src/nnetbin:/home/karimimonsefi.1/espnet/tools/kaldi/src/online2bin:/home/karimimonsefi.1/espnet/tools/kaldi/src/onlinebin:/home/karimimonsefi.1/espnet/tools/kaldi/src/rnnlmbin:/home/karimimonsefi.1/espnet/tools/kaldi/src/sgmm2bin:/home/karimimonsefi.1/espnet/tools/kaldi/src/sgmmbin:/home/karimimonsefi.1/espnet/tools/kaldi/src/tfrnnlmbin:/home/karimimonsefi.1/espnet/tools/kaldi/src/cudadecoderbin:/home/karimimonsefi.1/espnet/tools/kaldi/src/cudafeatbin:/home/karimimonsefi.1/espnet/egs2/an4/tts1/utils:/home/karimimonsefi.1/espnet/tools/kaldi/tools/openfst/bin:/home/karimimonsefi.1/miniconda3/condabin:/home/karimimonsefi.1/.local/bin:/home/karimimonsefi.1/bin:/usr/local/bin:/usr/bin:/usr/local/sbin:/usr/sbin
++ export OMP_NUM_THREADS=1
++ OMP_NUM_THREADS=1
++ export PYTHONIOENCODING=UTF-8
++ PYTHONIOENCODING=UTF-8
++ export 'NCCL_SOCKET_IFNAME=^lo,docker,virbr,vmnet,vboxnet'
++ NCCL_SOCKET_IFNAME='^lo,docker,virbr,vmnet,vboxnet'
++ . local/path.sh
+ ./run.sh --ngpu 1 --nj 16 --stage 6 --stop-stage 6 --train_config conf/train_transformer.yaml
2023-03-28T22:47:16 (tts.sh:211:main) ./tts.sh --lang en --train_set train_nodev --valid_set train_dev --test_sets train_dev test --srctexts data/train_nodev/text --ngpu 1 --nj 16 --stage 6 --stop-stage 6 --train_config conf/train_transformer.yaml
2023-03-28T22:47:17 (tts.sh:698:main) Stage 6: TTS Training: train_set=dump/raw/train_nodev, valid_set=dump/raw/train_dev
2023-03-28T22:47:17 (tts.sh:878:main) Generate 'exp/tts_train_transformer_raw_phn_tacotron_g2p_en/run.sh'. You can resume the process from stage 6 using this script
2023-03-28T22:47:17 (tts.sh:883:main) TTS training started... log: 'exp/tts_train_transformer_raw_phn_tacotron_g2p_en/train.log'
2023-03-28 22:47:18,102 (launch:94) INFO: /home/karimimonsefi.1/miniconda3/envs/espnet_env/bin/python3 /home/karimimonsefi.1/espnet/espnet2/bin/launch.py --cmd 'run.pl --name exp/tts_train_transformer_raw_phn_tacotron_g2p_en/train.log' --log exp/tts_train_transformer_raw_phn_tacotron_g2p_en/train.log --ngpu 1 --num_nodes 1 --init_file_prefix exp/tts_train_transformer_raw_phn_tacotron_g2p_en/.dist_init_ --multiprocessing_distributed true -- python3 -m espnet2.bin.tts_train --use_preprocessor true --token_type phn --token_list dump/token_list/phn_tacotron_g2p_en/tokens.txt --non_linguistic_symbols none --cleaner tacotron --g2p g2p_en --normalize global_mvn --resume true --fold_length 150 --fold_length 204800 --output_dir exp/tts_train_transformer_raw_phn_tacotron_g2p_en --config conf/train_transformer.yaml --feats_extract fbank --feats_extract_conf n_fft=1024 --feats_extract_conf hop_length=256 --feats_extract_conf win_length=null --feats_extract_conf fs=16000 --feats_extract_conf fmin=80 --feats_extract_conf fmax=7600 --feats_extract_conf n_mels=80 --train_data_path_and_name_and_type dump/raw/train_nodev/text,text,text --train_data_path_and_name_and_type dump/raw/train_nodev/wav.scp,speech,sound --train_shape_file exp/tts_stats_raw_phn_tacotron_g2p_en/train/text_shape.phn --train_shape_file exp/tts_stats_raw_phn_tacotron_g2p_en/train/speech_shape --valid_data_path_and_name_and_type dump/raw/train_dev/text,text,text --valid_data_path_and_name_and_type dump/raw/train_dev/wav.scp,speech,sound --valid_shape_file exp/tts_stats_raw_phn_tacotron_g2p_en/valid/text_shape.phn --valid_shape_file exp/tts_stats_raw_phn_tacotron_g2p_en/valid/speech_shape --normalize_conf stats_file=exp/tts_stats_raw_phn_tacotron_g2p_en/train/feats_stats.npz
2023-03-28 22:47:18,196 (launch:348) INFO: log file: exp/tts_train_transformer_raw_phn_tacotron_g2p_en/train.log
run.pl: job failed, log is in exp/tts_train_transformer_raw_phn_tacotron_g2p_en/train.log
Command '['run.pl', '--name', 'exp/tts_train_transformer_raw_phn_tacotron_g2p_en/train.log', '--gpu', '1', 'exp/tts_train_transformer_raw_phn_tacotron_g2p_en/train.log', 'python3', '-m', 'espnet2.bin.tts_train', '--use_preprocessor', 'true', '--token_type', 'phn', '--token_list', 'dump/token_list/phn_tacotron_g2p_en/tokens.txt', '--non_linguistic_symbols', 'none', '--cleaner', 'tacotron', '--g2p', 'g2p_en', '--normalize', 'global_mvn', '--resume', 'true', '--fold_length', '150', '--fold_length', '204800', '--output_dir', 'exp/tts_train_transformer_raw_phn_tacotron_g2p_en', '--config', 'conf/train_transformer.yaml', '--feats_extract', 'fbank', '--feats_extract_conf', 'n_fft=1024', '--feats_extract_conf', 'hop_length=256', '--feats_extract_conf', 'win_length=null', '--feats_extract_conf', 'fs=16000', '--feats_extract_conf', 'fmin=80', '--feats_extract_conf', 'fmax=7600', '--feats_extract_conf', 'n_mels=80', '--train_data_path_and_name_and_type', 'dump/raw/train_nodev/text,text,text', '--train_data_path_and_name_and_type', 'dump/raw/train_nodev/wav.scp,speech,sound', '--train_shape_file', 'exp/tts_stats_raw_phn_tacotron_g2p_en/train/text_shape.phn', '--train_shape_file', 'exp/tts_stats_raw_phn_tacotron_g2p_en/train/speech_shape', '--valid_data_path_and_name_and_type', 'dump/raw/train_dev/text,text,text', '--valid_data_path_and_name_and_type', 'dump/raw/train_dev/wav.scp,speech,sound', '--valid_shape_file', 'exp/tts_stats_raw_phn_tacotron_g2p_en/valid/text_shape.phn', '--valid_shape_file', 'exp/tts_stats_raw_phn_tacotron_g2p_en/valid/speech_shape', '--normalize_conf', 'stats_file=exp/tts_stats_raw_phn_tacotron_g2p_en/train/feats_stats.npz', '--ngpu', '1', '--multiprocessing_distributed', 'True']' returned non-zero exit status 1.
Traceback (most recent call last):
  File "/home/karimimonsefi.1/miniconda3/envs/espnet_env/lib/python3.9/runpy.py", line 197, in _run_module_as_main
    return _run_code(code, main_globals, None,
  File "/home/karimimonsefi.1/miniconda3/envs/espnet_env/lib/python3.9/runpy.py", line 87, in _run_code
    exec(code, run_globals)
  File "/home/karimimonsefi.1/espnet/espnet2/bin/launch.py", line 384, in <module>
    main()
  File "/home/karimimonsefi.1/espnet/espnet2/bin/launch.py", line 375, in main
    raise RuntimeError(
RuntimeError: 
################### The last 1000 lines of exp/tts_train_transformer_raw_phn_tacotron_g2p_en/train.log ###################
# python3 -m espnet2.bin.tts_train --use_preprocessor true --token_type phn --token_list dump/token_list/phn_tacotron_g2p_en/tokens.txt --non_linguistic_symbols none --cleaner tacotron --g2p g2p_en --normalize global_mvn --resume true --fold_length 150 --fold_length 204800 --output_dir exp/tts_train_transformer_raw_phn_tacotron_g2p_en --config conf/train_transformer.yaml --feats_extract fbank --feats_extract_conf n_fft=1024 --feats_extract_conf hop_length=256 --feats_extract_conf win_length=null --feats_extract_conf fs=16000 --feats_extract_conf fmin=80 --feats_extract_conf fmax=7600 --feats_extract_conf n_mels=80 --train_data_path_and_name_and_type dump/raw/train_nodev/text,text,text --train_data_path_and_name_and_type dump/raw/train_nodev/wav.scp,speech,sound --train_shape_file exp/tts_stats_raw_phn_tacotron_g2p_en/train/text_shape.phn --train_shape_file exp/tts_stats_raw_phn_tacotron_g2p_en/train/speech_shape --valid_data_path_and_name_and_type dump/raw/train_dev/text,text,text --valid_data_path_and_name_and_type dump/raw/train_dev/wav.scp,speech,sound --valid_shape_file exp/tts_stats_raw_phn_tacotron_g2p_en/valid/text_shape.phn --valid_shape_file exp/tts_stats_raw_phn_tacotron_g2p_en/valid/speech_shape --normalize_conf stats_file=exp/tts_stats_raw_phn_tacotron_g2p_en/train/feats_stats.npz --ngpu 1 --multiprocessing_distributed True 
# Started at Tue Mar 28 22:47:18 CDT 2023
#
`parallel_wavegan` is not installed. Please install via `pip install -U parallel_wavegan`.
Traceback (most recent call last):
  File "/home/karimimonsefi.1/miniconda3/envs/espnet_env/lib/python3.9/runpy.py", line 197, in _run_module_as_main
    return _run_code(code, main_globals, None,
  File "/home/karimimonsefi.1/miniconda3/envs/espnet_env/lib/python3.9/runpy.py", line 87, in _run_code
    exec(code, run_globals)
  File "/home/karimimonsefi.1/espnet/espnet2/bin/tts_train.py", line 2, in <module>
    from espnet2.tasks.tts import TTSTask
  File "/home/karimimonsefi.1/espnet/espnet2/tasks/tts.py", line 14, in <module>
    from espnet2.gan_tts.joint import JointText2Wav
  File "/home/karimimonsefi.1/espnet/espnet2/gan_tts/joint/__init__.py", line 1, in <module>
    from espnet2.gan_tts.joint.joint_text2wav import JointText2Wav  # NOQA
  File "/home/karimimonsefi.1/espnet/espnet2/gan_tts/joint/joint_text2wav.py", line 38, in <module>
    from espnet2.tts.transformer import Transformer
  File "/home/karimimonsefi.1/espnet/espnet2/tts/transformer/__init__.py", line 1, in <module>
    from espnet2.tts.transformer.transformer import Transformer  # NOQA
  File "/home/karimimonsefi.1/espnet/espnet2/tts/transformer/transformer.py", line 55, in <module>
    from parallel_wavegan.utils import download_pretrained_model
ModuleNotFoundError: No module named 'parallel_wavegan'
# Accounting: time=8 threads=1
# Ended (code 1) at Tue Mar 28 22:47:26 CDT 2023, elapsed time 8 seconds

